#
# There is insufficient memory for the Java Runtime Environment to continue.
# Native memory allocation (malloc) failed to allocate 54656 bytes for Chunk::new
# Possible reasons:
#   The system is out of physical RAM or swap space
#   The process is running with CompressedOops enabled, and the Java Heap may be blocking the growth of the native heap
# Possible solutions:
#   Reduce memory load on the system
#   Increase physical memory or swap space
#   Check if swap backing store is full
#   Decrease Java heap size (-Xmx/-Xms)
#   Decrease number of Java threads
#   Decrease Java thread stack sizes (-Xss)
#   Set larger code cache with -XX:ReservedCodeCacheSize=
#   JVM is running with Zero Based Compressed Oops mode in which the Java heap is
#     placed in the first 32GB address space. The Java Heap base address is the
#     maximum limit for the native heap growth. Please use -XX:HeapBaseMinAddress
#     to set the Java Heap base and to place the Java Heap above 32GB virtual address.
# This output file may be truncated or incomplete.
#
#  Out of Memory Error (./src/hotspot/share/memory/arena.cpp:197), pid=29268, tid=27744
#
# JRE version: OpenJDK Runtime Environment Corretto-11.0.17.8.1 (11.0.17+8) (build 11.0.17+8-LTS)
# Java VM: OpenJDK 64-Bit Server VM Corretto-11.0.17.8.1 (11.0.17+8-LTS, mixed mode, tiered, compressed oops, g1 gc, windows-amd64)
# No core dump will be written. Minidumps are not enabled by default on client versions of Windows
#

---------------  S U M M A R Y ------------

Command Line: C:\Users\SksUser\AppData\Local\Temp\surefire10315323578823091999\surefirebooter8970606841601196946.jar C:\Users\SksUser\AppData\Local\Temp\surefire10315323578823091999 2023-03-20T11-24-28_021-jvmRun1 surefire4091251512013543850tmp surefire_018039651216544832589tmp

Host: 11th Gen Intel(R) Core(TM) i7-11700 @ 2.50GHz, 16 cores, 15G,  Windows 10 , 64 bit Build 19041 (10.0.19041.928)
Time: Mon Mar 20 11:24:28 2023 RTZ 2 (s 10 , 64 bit Build 19041 (10.0.19041.928) elapsed time: 0.228669 seconds (0d 0h 0m 0s)

---------------  T H R E A D  ---------------

Current thread (0x0000020b44b52000):  JavaThread "C2 CompilerThread0" daemon [_thread_in_native, id=27744, stack(0x000000e526e00000,0x000000e526f00000)]


Current CompileTask:
C2:    228  605       4       java.util.jar.Manifest$FastInputStream::readLine (296 bytes)

Stack: [0x000000e526e00000,0x000000e526f00000]
Native frames: (J=compiled Java code, j=interpreted, Vv=VM code, C=native code)
V  [jvm.dll+0x61f66a]
V  [jvm.dll+0x7ac889]
V  [jvm.dll+0x7adf78]
V  [jvm.dll+0x7ae653]
V  [jvm.dll+0x24fbe8]
V  [jvm.dll+0xc262c]
V  [jvm.dll+0xc2bec]
V  [jvm.dll+0x2c1a64]
V  [jvm.dll+0x52e3cc]
V  [jvm.dll+0x2088f6]
V  [jvm.dll+0x20a8b5]
V  [jvm.dll+0x20806b]
V  [jvm.dll+0x18a3c1]
V  [jvm.dll+0x217894]
V  [jvm.dll+0x215adb]
V  [jvm.dll+0x76f380]
V  [jvm.dll+0x7682b4]
V  [jvm.dll+0x61e4d5]
C  [ucrtbase.dll+0x21bb2]
C  [KERNEL32.DLL+0x17034]
C  [ntdll.dll+0x52651]


---------------  P R O C E S S  ---------------

Threads class SMR info:
_java_thread_list=0x0000020b442553d0, length=15, elements={
0x0000020b1f375800, 0x0000020b44250000, 0x0000020b44251800, 0x0000020b44b4c800,
0x0000020b44b4f800, 0x0000020b44b51000, 0x0000020b44b52000, 0x0000020b44b58800,
0x0000020b44b63800, 0x0000020b44ae0800, 0x0000020b44d16000, 0x0000020b44df3000,
0x0000020b44f7a800, 0x0000020b44f7b800, 0x0000020b44d1c800
}

Java Threads: ( => current thread )
  0x0000020b1f375800 JavaThread "main" [_thread_in_vm, id=26020, stack(0x000000e526200000,0x000000e526300000)]
  0x0000020b44250000 JavaThread "Reference Handler" daemon [_thread_blocked, id=37444, stack(0x000000e526900000,0x000000e526a00000)]
  0x0000020b44251800 JavaThread "Finalizer" daemon [_thread_blocked, id=40676, stack(0x000000e526a00000,0x000000e526b00000)]
  0x0000020b44b4c800 JavaThread "Signal Dispatcher" daemon [_thread_blocked, id=19276, stack(0x000000e526b00000,0x000000e526c00000)]
  0x0000020b44b4f800 JavaThread "Attach Listener" daemon [_thread_blocked, id=19904, stack(0x000000e526c00000,0x000000e526d00000)]
  0x0000020b44b51000 JavaThread "Service Thread" daemon [_thread_blocked, id=39672, stack(0x000000e526d00000,0x000000e526e00000)]
=>0x0000020b44b52000 JavaThread "C2 CompilerThread0" daemon [_thread_in_native, id=27744, stack(0x000000e526e00000,0x000000e526f00000)]
  0x0000020b44b58800 JavaThread "C1 CompilerThread0" daemon [_thread_blocked, id=9500, stack(0x000000e526f00000,0x000000e527000000)]
  0x0000020b44b63800 JavaThread "Sweeper thread" daemon [_thread_blocked, id=19528, stack(0x000000e527000000,0x000000e527100000)]
  0x0000020b44ae0800 JavaThread "C1 CompilerThread1" daemon [_thread_blocked, id=8224, stack(0x000000e527100000,0x000000e527200000)]
  0x0000020b44d16000 JavaThread "Common-Cleaner" daemon [_thread_blocked, id=33228, stack(0x000000e527300000,0x000000e527400000)]
  0x0000020b44df3000 JavaThread "surefire-forkedjvm-command-thread" daemon [_thread_in_native, id=41644, stack(0x000000e527400000,0x000000e527500000)]
  0x0000020b44f7a800 JavaThread "C1 CompilerThread2" daemon [_thread_blocked, id=39152, stack(0x000000e527500000,0x000000e527600000)]
  0x0000020b44f7b800 JavaThread "C1 CompilerThread3" daemon [_thread_blocked, id=41204, stack(0x000000e527600000,0x000000e527700000)]
  0x0000020b44d1c800 JavaThread "surefire-forkedjvm-ping-30s" daemon [_thread_in_native, id=18596, stack(0x000000e527700000,0x000000e527800000)]

Other Threads:
  0x0000020b4423e800 VMThread "VM Thread" [stack: 0x000000e526800000,0x000000e526900000] [id=33088]
  0x0000020b44d00000 WatcherThread [stack: 0x000000e527200000,0x000000e527300000] [id=15228]
  0x0000020b1f38f000 GCTaskThread "GC Thread#0" [stack: 0x000000e526300000,0x000000e526400000] [id=20060]
  0x0000020b1f3eb000 ConcurrentGCThread "G1 Main Marker" [stack: 0x000000e526400000,0x000000e526500000] [id=36456]
  0x0000020b1f3ec000 ConcurrentGCThread "G1 Conc#0" [stack: 0x000000e526500000,0x000000e526600000] [id=34388]
  0x0000020b44122800 ConcurrentGCThread "G1 Refine#0" [stack: 0x000000e526600000,0x000000e526700000] [id=26896]
  0x0000020b44124800 ConcurrentGCThread "G1 Young RemSet Sampling" [stack: 0x000000e526700000,0x000000e526800000] [id=37228]

Threads with active compile tasks:
C2 CompilerThread0      235  605       4       java.util.jar.Manifest$FastInputStream::readLine (296 bytes)

VM state:not at safepoint (normal execution)

VM Mutex/Monitor currently owned by a thread: None

Heap address: 0x0000000703200000, size: 4046 MB, Compressed Oops mode: Zero based, Oop shift amount: 3
Narrow klass base: 0x0000000800000000, Narrow klass shift: 0
Compressed class space size: 1073741824 Address: 0x0000000800000000

Heap:
 garbage-first heap   total 260096K, used 9216K [0x0000000703200000, 0x0000000800000000)
  region size 1024K, 11 young (11264K), 0 survivors (0K)
 Metaspace       used 9289K, capacity 9509K, committed 9600K, reserved 1058816K
  class space    used 813K, capacity 875K, committed 896K, reserved 1048576K
Heap Regions: E=young(eden), S=young(survivor), O=old, HS=humongous(starts), HC=humongous(continues), CS=collection set, F=free, A=archive, TAMS=top-at-mark-start (previous, next)
|   0|0x0000000703200000, 0x0000000703200000, 0x0000000703300000|  0%| F|  |TAMS 0x0000000703200000, 0x0000000703200000| Untracked 
|   1|0x0000000703300000, 0x0000000703300000, 0x0000000703400000|  0%| F|  |TAMS 0x0000000703300000, 0x0000000703300000| Untracked 
|   2|0x0000000703400000, 0x0000000703400000, 0x0000000703500000|  0%| F|  |TAMS 0x0000000703400000, 0x0000000703400000| Untracked 
|   3|0x0000000703500000, 0x0000000703500000, 0x0000000703600000|  0%| F|  |TAMS 0x0000000703500000, 0x0000000703500000| Untracked 
|   4|0x0000000703600000, 0x0000000703600000, 0x0000000703700000|  0%| F|  |TAMS 0x0000000703600000, 0x0000000703600000| Untracked 
|   5|0x0000000703700000, 0x0000000703700000, 0x0000000703800000|  0%| F|  |TAMS 0x0000000703700000, 0x0000000703700000| Untracked 
|   6|0x0000000703800000, 0x0000000703800000, 0x0000000703900000|  0%| F|  |TAMS 0x0000000703800000, 0x0000000703800000| Untracked 
|   7|0x0000000703900000, 0x0000000703900000, 0x0000000703a00000|  0%| F|  |TAMS 0x0000000703900000, 0x0000000703900000| Untracked 
|   8|0x0000000703a00000, 0x0000000703a00000, 0x0000000703b00000|  0%| F|  |TAMS 0x0000000703a00000, 0x0000000703a00000| Untracked 
|   9|0x0000000703b00000, 0x0000000703b00000, 0x0000000703c00000|  0%| F|  |TAMS 0x0000000703b00000, 0x0000000703b00000| Untracked 
|  10|0x0000000703c00000, 0x0000000703c00000, 0x0000000703d00000|  0%| F|  |TAMS 0x0000000703c00000, 0x0000000703c00000| Untracked 
|  11|0x0000000703d00000, 0x0000000703d00000, 0x0000000703e00000|  0%| F|  |TAMS 0x0000000703d00000, 0x0000000703d00000| Untracked 
|  12|0x0000000703e00000, 0x0000000703e00000, 0x0000000703f00000|  0%| F|  |TAMS 0x0000000703e00000, 0x0000000703e00000| Untracked 
|  13|0x0000000703f00000, 0x0000000703f00000, 0x0000000704000000|  0%| F|  |TAMS 0x0000000703f00000, 0x0000000703f00000| Untracked 
|  14|0x0000000704000000, 0x0000000704000000, 0x0000000704100000|  0%| F|  |TAMS 0x0000000704000000, 0x0000000704000000| Untracked 
|  15|0x0000000704100000, 0x0000000704100000, 0x0000000704200000|  0%| F|  |TAMS 0x0000000704100000, 0x0000000704100000| Untracked 
|  16|0x0000000704200000, 0x0000000704200000, 0x0000000704300000|  0%| F|  |TAMS 0x0000000704200000, 0x0000000704200000| Untracked 
|  17|0x0000000704300000, 0x0000000704300000, 0x0000000704400000|  0%| F|  |TAMS 0x0000000704300000, 0x0000000704300000| Untracked 
|  18|0x0000000704400000, 0x0000000704400000, 0x0000000704500000|  0%| F|  |TAMS 0x0000000704400000, 0x0000000704400000| Untracked 
|  19|0x0000000704500000, 0x0000000704500000, 0x0000000704600000|  0%| F|  |TAMS 0x0000000704500000, 0x0000000704500000| Untracked 
|  20|0x0000000704600000, 0x0000000704600000, 0x0000000704700000|  0%| F|  |TAMS 0x0000000704600000, 0x0000000704600000| Untracked 
|  21|0x0000000704700000, 0x0000000704700000, 0x0000000704800000|  0%| F|  |TAMS 0x0000000704700000, 0x0000000704700000| Untracked 
|  22|0x0000000704800000, 0x0000000704800000, 0x0000000704900000|  0%| F|  |TAMS 0x0000000704800000, 0x0000000704800000| Untracked 
|  23|0x0000000704900000, 0x0000000704900000, 0x0000000704a00000|  0%| F|  |TAMS 0x0000000704900000, 0x0000000704900000| Untracked 
|  24|0x0000000704a00000, 0x0000000704a00000, 0x0000000704b00000|  0%| F|  |TAMS 0x0000000704a00000, 0x0000000704a00000| Untracked 
|  25|0x0000000704b00000, 0x0000000704b00000, 0x0000000704c00000|  0%| F|  |TAMS 0x0000000704b00000, 0x0000000704b00000| Untracked 
|  26|0x0000000704c00000, 0x0000000704c00000, 0x0000000704d00000|  0%| F|  |TAMS 0x0000000704c00000, 0x0000000704c00000| Untracked 
|  27|0x0000000704d00000, 0x0000000704d00000, 0x0000000704e00000|  0%| F|  |TAMS 0x0000000704d00000, 0x0000000704d00000| Untracked 
|  28|0x0000000704e00000, 0x0000000704e00000, 0x0000000704f00000|  0%| F|  |TAMS 0x0000000704e00000, 0x0000000704e00000| Untracked 
|  29|0x0000000704f00000, 0x0000000704f00000, 0x0000000705000000|  0%| F|  |TAMS 0x0000000704f00000, 0x0000000704f00000| Untracked 
|  30|0x0000000705000000, 0x0000000705000000, 0x0000000705100000|  0%| F|  |TAMS 0x0000000705000000, 0x0000000705000000| Untracked 
|  31|0x0000000705100000, 0x0000000705100000, 0x0000000705200000|  0%| F|  |TAMS 0x0000000705100000, 0x0000000705100000| Untracked 
|  32|0x0000000705200000, 0x0000000705200000, 0x0000000705300000|  0%| F|  |TAMS 0x0000000705200000, 0x0000000705200000| Untracked 
|  33|0x0000000705300000, 0x0000000705300000, 0x0000000705400000|  0%| F|  |TAMS 0x0000000705300000, 0x0000000705300000| Untracked 
|  34|0x0000000705400000, 0x0000000705400000, 0x0000000705500000|  0%| F|  |TAMS 0x0000000705400000, 0x0000000705400000| Untracked 
|  35|0x0000000705500000, 0x0000000705500000, 0x0000000705600000|  0%| F|  |TAMS 0x0000000705500000, 0x0000000705500000| Untracked 
|  36|0x0000000705600000, 0x0000000705600000, 0x0000000705700000|  0%| F|  |TAMS 0x0000000705600000, 0x0000000705600000| Untracked 
|  37|0x0000000705700000, 0x0000000705700000, 0x0000000705800000|  0%| F|  |TAMS 0x0000000705700000, 0x0000000705700000| Untracked 
|  38|0x0000000705800000, 0x0000000705800000, 0x0000000705900000|  0%| F|  |TAMS 0x0000000705800000, 0x0000000705800000| Untracked 
|  39|0x0000000705900000, 0x0000000705900000, 0x0000000705a00000|  0%| F|  |TAMS 0x0000000705900000, 0x0000000705900000| Untracked 
|  40|0x0000000705a00000, 0x0000000705a00000, 0x0000000705b00000|  0%| F|  |TAMS 0x0000000705a00000, 0x0000000705a00000| Untracked 
|  41|0x0000000705b00000, 0x0000000705b00000, 0x0000000705c00000|  0%| F|  |TAMS 0x0000000705b00000, 0x0000000705b00000| Untracked 
|  42|0x0000000705c00000, 0x0000000705c00000, 0x0000000705d00000|  0%| F|  |TAMS 0x0000000705c00000, 0x0000000705c00000| Untracked 
|  43|0x0000000705d00000, 0x0000000705d00000, 0x0000000705e00000|  0%| F|  |TAMS 0x0000000705d00000, 0x0000000705d00000| Untracked 
|  44|0x0000000705e00000, 0x0000000705e00000, 0x0000000705f00000|  0%| F|  |TAMS 0x0000000705e00000, 0x0000000705e00000| Untracked 
|  45|0x0000000705f00000, 0x0000000705f00000, 0x0000000706000000|  0%| F|  |TAMS 0x0000000705f00000, 0x0000000705f00000| Untracked 
|  46|0x0000000706000000, 0x0000000706000000, 0x0000000706100000|  0%| F|  |TAMS 0x0000000706000000, 0x0000000706000000| Untracked 
|  47|0x0000000706100000, 0x0000000706100000, 0x0000000706200000|  0%| F|  |TAMS 0x0000000706100000, 0x0000000706100000| Untracked 
|  48|0x0000000706200000, 0x0000000706200000, 0x0000000706300000|  0%| F|  |TAMS 0x0000000706200000, 0x0000000706200000| Untracked 
|  49|0x0000000706300000, 0x0000000706300000, 0x0000000706400000|  0%| F|  |TAMS 0x0000000706300000, 0x0000000706300000| Untracked 
|  50|0x0000000706400000, 0x0000000706400000, 0x0000000706500000|  0%| F|  |TAMS 0x0000000706400000, 0x0000000706400000| Untracked 
|  51|0x0000000706500000, 0x0000000706500000, 0x0000000706600000|  0%| F|  |TAMS 0x0000000706500000, 0x0000000706500000| Untracked 
|  52|0x0000000706600000, 0x0000000706600000, 0x0000000706700000|  0%| F|  |TAMS 0x0000000706600000, 0x0000000706600000| Untracked 
|  53|0x0000000706700000, 0x0000000706700000, 0x0000000706800000|  0%| F|  |TAMS 0x0000000706700000, 0x0000000706700000| Untracked 
|  54|0x0000000706800000, 0x0000000706800000, 0x0000000706900000|  0%| F|  |TAMS 0x0000000706800000, 0x0000000706800000| Untracked 
|  55|0x0000000706900000, 0x0000000706900000, 0x0000000706a00000|  0%| F|  |TAMS 0x0000000706900000, 0x0000000706900000| Untracked 
|  56|0x0000000706a00000, 0x0000000706a00000, 0x0000000706b00000|  0%| F|  |TAMS 0x0000000706a00000, 0x0000000706a00000| Untracked 
|  57|0x0000000706b00000, 0x0000000706b00000, 0x0000000706c00000|  0%| F|  |TAMS 0x0000000706b00000, 0x0000000706b00000| Untracked 
|  58|0x0000000706c00000, 0x0000000706c00000, 0x0000000706d00000|  0%| F|  |TAMS 0x0000000706c00000, 0x0000000706c00000| Untracked 
|  59|0x0000000706d00000, 0x0000000706d00000, 0x0000000706e00000|  0%| F|  |TAMS 0x0000000706d00000, 0x0000000706d00000| Untracked 
|  60|0x0000000706e00000, 0x0000000706e00000, 0x0000000706f00000|  0%| F|  |TAMS 0x0000000706e00000, 0x0000000706e00000| Untracked 
|  61|0x0000000706f00000, 0x0000000706f00000, 0x0000000707000000|  0%| F|  |TAMS 0x0000000706f00000, 0x0000000706f00000| Untracked 
|  62|0x0000000707000000, 0x0000000707000000, 0x0000000707100000|  0%| F|  |TAMS 0x0000000707000000, 0x0000000707000000| Untracked 
|  63|0x0000000707100000, 0x0000000707100000, 0x0000000707200000|  0%| F|  |TAMS 0x0000000707100000, 0x0000000707100000| Untracked 
|  64|0x0000000707200000, 0x0000000707200000, 0x0000000707300000|  0%| F|  |TAMS 0x0000000707200000, 0x0000000707200000| Untracked 
|  65|0x0000000707300000, 0x0000000707300000, 0x0000000707400000|  0%| F|  |TAMS 0x0000000707300000, 0x0000000707300000| Untracked 
|  66|0x0000000707400000, 0x0000000707400000, 0x0000000707500000|  0%| F|  |TAMS 0x0000000707400000, 0x0000000707400000| Untracked 
|  67|0x0000000707500000, 0x0000000707500000, 0x0000000707600000|  0%| F|  |TAMS 0x0000000707500000, 0x0000000707500000| Untracked 
|  68|0x0000000707600000, 0x0000000707600000, 0x0000000707700000|  0%| F|  |TAMS 0x0000000707600000, 0x0000000707600000| Untracked 
|  69|0x0000000707700000, 0x0000000707700000, 0x0000000707800000|  0%| F|  |TAMS 0x0000000707700000, 0x0000000707700000| Untracked 
|  70|0x0000000707800000, 0x0000000707800000, 0x0000000707900000|  0%| F|  |TAMS 0x0000000707800000, 0x0000000707800000| Untracked 
|  71|0x0000000707900000, 0x0000000707900000, 0x0000000707a00000|  0%| F|  |TAMS 0x0000000707900000, 0x0000000707900000| Untracked 
|  72|0x0000000707a00000, 0x0000000707a00000, 0x0000000707b00000|  0%| F|  |TAMS 0x0000000707a00000, 0x0000000707a00000| Untracked 
|  73|0x0000000707b00000, 0x0000000707b00000, 0x0000000707c00000|  0%| F|  |TAMS 0x0000000707b00000, 0x0000000707b00000| Untracked 
|  74|0x0000000707c00000, 0x0000000707c00000, 0x0000000707d00000|  0%| F|  |TAMS 0x0000000707c00000, 0x0000000707c00000| Untracked 
|  75|0x0000000707d00000, 0x0000000707d00000, 0x0000000707e00000|  0%| F|  |TAMS 0x0000000707d00000, 0x0000000707d00000| Untracked 
|  76|0x0000000707e00000, 0x0000000707e00000, 0x0000000707f00000|  0%| F|  |TAMS 0x0000000707e00000, 0x0000000707e00000| Untracked 
|  77|0x0000000707f00000, 0x0000000707f00000, 0x0000000708000000|  0%| F|  |TAMS 0x0000000707f00000, 0x0000000707f00000| Untracked 
|  78|0x0000000708000000, 0x0000000708000000, 0x0000000708100000|  0%| F|  |TAMS 0x0000000708000000, 0x0000000708000000| Untracked 
|  79|0x0000000708100000, 0x0000000708100000, 0x0000000708200000|  0%| F|  |TAMS 0x0000000708100000, 0x0000000708100000| Untracked 
|  80|0x0000000708200000, 0x0000000708200000, 0x0000000708300000|  0%| F|  |TAMS 0x0000000708200000, 0x0000000708200000| Untracked 
|  81|0x0000000708300000, 0x0000000708300000, 0x0000000708400000|  0%| F|  |TAMS 0x0000000708300000, 0x0000000708300000| Untracked 
|  82|0x0000000708400000, 0x0000000708400000, 0x0000000708500000|  0%| F|  |TAMS 0x0000000708400000, 0x0000000708400000| Untracked 
|  83|0x0000000708500000, 0x0000000708500000, 0x0000000708600000|  0%| F|  |TAMS 0x0000000708500000, 0x0000000708500000| Untracked 
|  84|0x0000000708600000, 0x0000000708600000, 0x0000000708700000|  0%| F|  |TAMS 0x0000000708600000, 0x0000000708600000| Untracked 
|  85|0x0000000708700000, 0x0000000708700000, 0x0000000708800000|  0%| F|  |TAMS 0x0000000708700000, 0x0000000708700000| Untracked 
|  86|0x0000000708800000, 0x0000000708800000, 0x0000000708900000|  0%| F|  |TAMS 0x0000000708800000, 0x0000000708800000| Untracked 
|  87|0x0000000708900000, 0x0000000708900000, 0x0000000708a00000|  0%| F|  |TAMS 0x0000000708900000, 0x0000000708900000| Untracked 
|  88|0x0000000708a00000, 0x0000000708a00000, 0x0000000708b00000|  0%| F|  |TAMS 0x0000000708a00000, 0x0000000708a00000| Untracked 
|  89|0x0000000708b00000, 0x0000000708b00000, 0x0000000708c00000|  0%| F|  |TAMS 0x0000000708b00000, 0x0000000708b00000| Untracked 
|  90|0x0000000708c00000, 0x0000000708c00000, 0x0000000708d00000|  0%| F|  |TAMS 0x0000000708c00000, 0x0000000708c00000| Untracked 
|  91|0x0000000708d00000, 0x0000000708d00000, 0x0000000708e00000|  0%| F|  |TAMS 0x0000000708d00000, 0x0000000708d00000| Untracked 
|  92|0x0000000708e00000, 0x0000000708e00000, 0x0000000708f00000|  0%| F|  |TAMS 0x0000000708e00000, 0x0000000708e00000| Untracked 
|  93|0x0000000708f00000, 0x0000000708f00000, 0x0000000709000000|  0%| F|  |TAMS 0x0000000708f00000, 0x0000000708f00000| Untracked 
|  94|0x0000000709000000, 0x0000000709000000, 0x0000000709100000|  0%| F|  |TAMS 0x0000000709000000, 0x0000000709000000| Untracked 
|  95|0x0000000709100000, 0x0000000709100000, 0x0000000709200000|  0%| F|  |TAMS 0x0000000709100000, 0x0000000709100000| Untracked 
|  96|0x0000000709200000, 0x0000000709200000, 0x0000000709300000|  0%| F|  |TAMS 0x0000000709200000, 0x0000000709200000| Untracked 
|  97|0x0000000709300000, 0x0000000709300000, 0x0000000709400000|  0%| F|  |TAMS 0x0000000709300000, 0x0000000709300000| Untracked 
|  98|0x0000000709400000, 0x0000000709400000, 0x0000000709500000|  0%| F|  |TAMS 0x0000000709400000, 0x0000000709400000| Untracked 
|  99|0x0000000709500000, 0x0000000709500000, 0x0000000709600000|  0%| F|  |TAMS 0x0000000709500000, 0x0000000709500000| Untracked 
| 100|0x0000000709600000, 0x0000000709600000, 0x0000000709700000|  0%| F|  |TAMS 0x0000000709600000, 0x0000000709600000| Untracked 
| 101|0x0000000709700000, 0x0000000709700000, 0x0000000709800000|  0%| F|  |TAMS 0x0000000709700000, 0x0000000709700000| Untracked 
| 102|0x0000000709800000, 0x0000000709800000, 0x0000000709900000|  0%| F|  |TAMS 0x0000000709800000, 0x0000000709800000| Untracked 
| 103|0x0000000709900000, 0x0000000709900000, 0x0000000709a00000|  0%| F|  |TAMS 0x0000000709900000, 0x0000000709900000| Untracked 
| 104|0x0000000709a00000, 0x0000000709a00000, 0x0000000709b00000|  0%| F|  |TAMS 0x0000000709a00000, 0x0000000709a00000| Untracked 
| 105|0x0000000709b00000, 0x0000000709b00000, 0x0000000709c00000|  0%| F|  |TAMS 0x0000000709b00000, 0x0000000709b00000| Untracked 
| 106|0x0000000709c00000, 0x0000000709c00000, 0x0000000709d00000|  0%| F|  |TAMS 0x0000000709c00000, 0x0000000709c00000| Untracked 
| 107|0x0000000709d00000, 0x0000000709d00000, 0x0000000709e00000|  0%| F|  |TAMS 0x0000000709d00000, 0x0000000709d00000| Untracked 
| 108|0x0000000709e00000, 0x0000000709e00000, 0x0000000709f00000|  0%| F|  |TAMS 0x0000000709e00000, 0x0000000709e00000| Untracked 
| 109|0x0000000709f00000, 0x0000000709f00000, 0x000000070a000000|  0%| F|  |TAMS 0x0000000709f00000, 0x0000000709f00000| Untracked 
| 110|0x000000070a000000, 0x000000070a000000, 0x000000070a100000|  0%| F|  |TAMS 0x000000070a000000, 0x000000070a000000| Untracked 
| 111|0x000000070a100000, 0x000000070a100000, 0x000000070a200000|  0%| F|  |TAMS 0x000000070a100000, 0x000000070a100000| Untracked 
| 112|0x000000070a200000, 0x000000070a200000, 0x000000070a300000|  0%| F|  |TAMS 0x000000070a200000, 0x000000070a200000| Untracked 
| 113|0x000000070a300000, 0x000000070a300000, 0x000000070a400000|  0%| F|  |TAMS 0x000000070a300000, 0x000000070a300000| Untracked 
| 114|0x000000070a400000, 0x000000070a400000, 0x000000070a500000|  0%| F|  |TAMS 0x000000070a400000, 0x000000070a400000| Untracked 
| 115|0x000000070a500000, 0x000000070a500000, 0x000000070a600000|  0%| F|  |TAMS 0x000000070a500000, 0x000000070a500000| Untracked 
| 116|0x000000070a600000, 0x000000070a600000, 0x000000070a700000|  0%| F|  |TAMS 0x000000070a600000, 0x000000070a600000| Untracked 
| 117|0x000000070a700000, 0x000000070a700000, 0x000000070a800000|  0%| F|  |TAMS 0x000000070a700000, 0x000000070a700000| Untracked 
| 118|0x000000070a800000, 0x000000070a800000, 0x000000070a900000|  0%| F|  |TAMS 0x000000070a800000, 0x000000070a800000| Untracked 
| 119|0x000000070a900000, 0x000000070a900000, 0x000000070aa00000|  0%| F|  |TAMS 0x000000070a900000, 0x000000070a900000| Untracked 
| 120|0x000000070aa00000, 0x000000070aa00000, 0x000000070ab00000|  0%| F|  |TAMS 0x000000070aa00000, 0x000000070aa00000| Untracked 
| 121|0x000000070ab00000, 0x000000070ab00000, 0x000000070ac00000|  0%| F|  |TAMS 0x000000070ab00000, 0x000000070ab00000| Untracked 
| 122|0x000000070ac00000, 0x000000070ac00000, 0x000000070ad00000|  0%| F|  |TAMS 0x000000070ac00000, 0x000000070ac00000| Untracked 
| 123|0x000000070ad00000, 0x000000070ad00000, 0x000000070ae00000|  0%| F|  |TAMS 0x000000070ad00000, 0x000000070ad00000| Untracked 
| 124|0x000000070ae00000, 0x000000070ae00000, 0x000000070af00000|  0%| F|  |TAMS 0x000000070ae00000, 0x000000070ae00000| Untracked 
| 125|0x000000070af00000, 0x000000070af00000, 0x000000070b000000|  0%| F|  |TAMS 0x000000070af00000, 0x000000070af00000| Untracked 
| 126|0x000000070b000000, 0x000000070b000000, 0x000000070b100000|  0%| F|  |TAMS 0x000000070b000000, 0x000000070b000000| Untracked 
| 127|0x000000070b100000, 0x000000070b100000, 0x000000070b200000|  0%| F|  |TAMS 0x000000070b100000, 0x000000070b100000| Untracked 
| 128|0x000000070b200000, 0x000000070b200000, 0x000000070b300000|  0%| F|  |TAMS 0x000000070b200000, 0x000000070b200000| Untracked 
| 129|0x000000070b300000, 0x000000070b300000, 0x000000070b400000|  0%| F|  |TAMS 0x000000070b300000, 0x000000070b300000| Untracked 
| 130|0x000000070b400000, 0x000000070b400000, 0x000000070b500000|  0%| F|  |TAMS 0x000000070b400000, 0x000000070b400000| Untracked 
| 131|0x000000070b500000, 0x000000070b500000, 0x000000070b600000|  0%| F|  |TAMS 0x000000070b500000, 0x000000070b500000| Untracked 
| 132|0x000000070b600000, 0x000000070b600000, 0x000000070b700000|  0%| F|  |TAMS 0x000000070b600000, 0x000000070b600000| Untracked 
| 133|0x000000070b700000, 0x000000070b700000, 0x000000070b800000|  0%| F|  |TAMS 0x000000070b700000, 0x000000070b700000| Untracked 
| 134|0x000000070b800000, 0x000000070b800000, 0x000000070b900000|  0%| F|  |TAMS 0x000000070b800000, 0x000000070b800000| Untracked 
| 135|0x000000070b900000, 0x000000070b900000, 0x000000070ba00000|  0%| F|  |TAMS 0x000000070b900000, 0x000000070b900000| Untracked 
| 136|0x000000070ba00000, 0x000000070ba00000, 0x000000070bb00000|  0%| F|  |TAMS 0x000000070ba00000, 0x000000070ba00000| Untracked 
| 137|0x000000070bb00000, 0x000000070bb00000, 0x000000070bc00000|  0%| F|  |TAMS 0x000000070bb00000, 0x000000070bb00000| Untracked 
| 138|0x000000070bc00000, 0x000000070bc00000, 0x000000070bd00000|  0%| F|  |TAMS 0x000000070bc00000, 0x000000070bc00000| Untracked 
| 139|0x000000070bd00000, 0x000000070bd00000, 0x000000070be00000|  0%| F|  |TAMS 0x000000070bd00000, 0x000000070bd00000| Untracked 
| 140|0x000000070be00000, 0x000000070be00000, 0x000000070bf00000|  0%| F|  |TAMS 0x000000070be00000, 0x000000070be00000| Untracked 
| 141|0x000000070bf00000, 0x000000070bf00000, 0x000000070c000000|  0%| F|  |TAMS 0x000000070bf00000, 0x000000070bf00000| Untracked 
| 142|0x000000070c000000, 0x000000070c000000, 0x000000070c100000|  0%| F|  |TAMS 0x000000070c000000, 0x000000070c000000| Untracked 
| 143|0x000000070c100000, 0x000000070c100000, 0x000000070c200000|  0%| F|  |TAMS 0x000000070c100000, 0x000000070c100000| Untracked 
| 144|0x000000070c200000, 0x000000070c200000, 0x000000070c300000|  0%| F|  |TAMS 0x000000070c200000, 0x000000070c200000| Untracked 
| 145|0x000000070c300000, 0x000000070c300000, 0x000000070c400000|  0%| F|  |TAMS 0x000000070c300000, 0x000000070c300000| Untracked 
| 146|0x000000070c400000, 0x000000070c400000, 0x000000070c500000|  0%| F|  |TAMS 0x000000070c400000, 0x000000070c400000| Untracked 
| 147|0x000000070c500000, 0x000000070c500000, 0x000000070c600000|  0%| F|  |TAMS 0x000000070c500000, 0x000000070c500000| Untracked 
| 148|0x000000070c600000, 0x000000070c600000, 0x000000070c700000|  0%| F|  |TAMS 0x000000070c600000, 0x000000070c600000| Untracked 
| 149|0x000000070c700000, 0x000000070c700000, 0x000000070c800000|  0%| F|  |TAMS 0x000000070c700000, 0x000000070c700000| Untracked 
| 150|0x000000070c800000, 0x000000070c800000, 0x000000070c900000|  0%| F|  |TAMS 0x000000070c800000, 0x000000070c800000| Untracked 
| 151|0x000000070c900000, 0x000000070c900000, 0x000000070ca00000|  0%| F|  |TAMS 0x000000070c900000, 0x000000070c900000| Untracked 
| 152|0x000000070ca00000, 0x000000070ca00000, 0x000000070cb00000|  0%| F|  |TAMS 0x000000070ca00000, 0x000000070ca00000| Untracked 
| 153|0x000000070cb00000, 0x000000070cb00000, 0x000000070cc00000|  0%| F|  |TAMS 0x000000070cb00000, 0x000000070cb00000| Untracked 
| 154|0x000000070cc00000, 0x000000070cc00000, 0x000000070cd00000|  0%| F|  |TAMS 0x000000070cc00000, 0x000000070cc00000| Untracked 
| 155|0x000000070cd00000, 0x000000070cd00000, 0x000000070ce00000|  0%| F|  |TAMS 0x000000070cd00000, 0x000000070cd00000| Untracked 
| 156|0x000000070ce00000, 0x000000070ce00000, 0x000000070cf00000|  0%| F|  |TAMS 0x000000070ce00000, 0x000000070ce00000| Untracked 
| 157|0x000000070cf00000, 0x000000070cf00000, 0x000000070d000000|  0%| F|  |TAMS 0x000000070cf00000, 0x000000070cf00000| Untracked 
| 158|0x000000070d000000, 0x000000070d000000, 0x000000070d100000|  0%| F|  |TAMS 0x000000070d000000, 0x000000070d000000| Untracked 
| 159|0x000000070d100000, 0x000000070d100000, 0x000000070d200000|  0%| F|  |TAMS 0x000000070d100000, 0x000000070d100000| Untracked 
| 160|0x000000070d200000, 0x000000070d200000, 0x000000070d300000|  0%| F|  |TAMS 0x000000070d200000, 0x000000070d200000| Untracked 
| 161|0x000000070d300000, 0x000000070d300000, 0x000000070d400000|  0%| F|  |TAMS 0x000000070d300000, 0x000000070d300000| Untracked 
| 162|0x000000070d400000, 0x000000070d400000, 0x000000070d500000|  0%| F|  |TAMS 0x000000070d400000, 0x000000070d400000| Untracked 
| 163|0x000000070d500000, 0x000000070d500000, 0x000000070d600000|  0%| F|  |TAMS 0x000000070d500000, 0x000000070d500000| Untracked 
| 164|0x000000070d600000, 0x000000070d600000, 0x000000070d700000|  0%| F|  |TAMS 0x000000070d600000, 0x000000070d600000| Untracked 
| 165|0x000000070d700000, 0x000000070d700000, 0x000000070d800000|  0%| F|  |TAMS 0x000000070d700000, 0x000000070d700000| Untracked 
| 166|0x000000070d800000, 0x000000070d800000, 0x000000070d900000|  0%| F|  |TAMS 0x000000070d800000, 0x000000070d800000| Untracked 
| 167|0x000000070d900000, 0x000000070d900000, 0x000000070da00000|  0%| F|  |TAMS 0x000000070d900000, 0x000000070d900000| Untracked 
| 168|0x000000070da00000, 0x000000070da00000, 0x000000070db00000|  0%| F|  |TAMS 0x000000070da00000, 0x000000070da00000| Untracked 
| 169|0x000000070db00000, 0x000000070db00000, 0x000000070dc00000|  0%| F|  |TAMS 0x000000070db00000, 0x000000070db00000| Untracked 
| 170|0x000000070dc00000, 0x000000070dc00000, 0x000000070dd00000|  0%| F|  |TAMS 0x000000070dc00000, 0x000000070dc00000| Untracked 
| 171|0x000000070dd00000, 0x000000070dd00000, 0x000000070de00000|  0%| F|  |TAMS 0x000000070dd00000, 0x000000070dd00000| Untracked 
| 172|0x000000070de00000, 0x000000070de00000, 0x000000070df00000|  0%| F|  |TAMS 0x000000070de00000, 0x000000070de00000| Untracked 
| 173|0x000000070df00000, 0x000000070df00000, 0x000000070e000000|  0%| F|  |TAMS 0x000000070df00000, 0x000000070df00000| Untracked 
| 174|0x000000070e000000, 0x000000070e000000, 0x000000070e100000|  0%| F|  |TAMS 0x000000070e000000, 0x000000070e000000| Untracked 
| 175|0x000000070e100000, 0x000000070e100000, 0x000000070e200000|  0%| F|  |TAMS 0x000000070e100000, 0x000000070e100000| Untracked 
| 176|0x000000070e200000, 0x000000070e200000, 0x000000070e300000|  0%| F|  |TAMS 0x000000070e200000, 0x000000070e200000| Untracked 
| 177|0x000000070e300000, 0x000000070e300000, 0x000000070e400000|  0%| F|  |TAMS 0x000000070e300000, 0x000000070e300000| Untracked 
| 178|0x000000070e400000, 0x000000070e400000, 0x000000070e500000|  0%| F|  |TAMS 0x000000070e400000, 0x000000070e400000| Untracked 
| 179|0x000000070e500000, 0x000000070e500000, 0x000000070e600000|  0%| F|  |TAMS 0x000000070e500000, 0x000000070e500000| Untracked 
| 180|0x000000070e600000, 0x000000070e600000, 0x000000070e700000|  0%| F|  |TAMS 0x000000070e600000, 0x000000070e600000| Untracked 
| 181|0x000000070e700000, 0x000000070e700000, 0x000000070e800000|  0%| F|  |TAMS 0x000000070e700000, 0x000000070e700000| Untracked 
| 182|0x000000070e800000, 0x000000070e800000, 0x000000070e900000|  0%| F|  |TAMS 0x000000070e800000, 0x000000070e800000| Untracked 
| 183|0x000000070e900000, 0x000000070e900000, 0x000000070ea00000|  0%| F|  |TAMS 0x000000070e900000, 0x000000070e900000| Untracked 
| 184|0x000000070ea00000, 0x000000070ea00000, 0x000000070eb00000|  0%| F|  |TAMS 0x000000070ea00000, 0x000000070ea00000| Untracked 
| 185|0x000000070eb00000, 0x000000070eb00000, 0x000000070ec00000|  0%| F|  |TAMS 0x000000070eb00000, 0x000000070eb00000| Untracked 
| 186|0x000000070ec00000, 0x000000070ec00000, 0x000000070ed00000|  0%| F|  |TAMS 0x000000070ec00000, 0x000000070ec00000| Untracked 
| 187|0x000000070ed00000, 0x000000070ed00000, 0x000000070ee00000|  0%| F|  |TAMS 0x000000070ed00000, 0x000000070ed00000| Untracked 
| 188|0x000000070ee00000, 0x000000070ee00000, 0x000000070ef00000|  0%| F|  |TAMS 0x000000070ee00000, 0x000000070ee00000| Untracked 
| 189|0x000000070ef00000, 0x000000070ef00000, 0x000000070f000000|  0%| F|  |TAMS 0x000000070ef00000, 0x000000070ef00000| Untracked 
| 190|0x000000070f000000, 0x000000070f000000, 0x000000070f100000|  0%| F|  |TAMS 0x000000070f000000, 0x000000070f000000| Untracked 
| 191|0x000000070f100000, 0x000000070f100000, 0x000000070f200000|  0%| F|  |TAMS 0x000000070f100000, 0x000000070f100000| Untracked 
| 192|0x000000070f200000, 0x000000070f200000, 0x000000070f300000|  0%| F|  |TAMS 0x000000070f200000, 0x000000070f200000| Untracked 
| 193|0x000000070f300000, 0x000000070f300000, 0x000000070f400000|  0%| F|  |TAMS 0x000000070f300000, 0x000000070f300000| Untracked 
| 194|0x000000070f400000, 0x000000070f400000, 0x000000070f500000|  0%| F|  |TAMS 0x000000070f400000, 0x000000070f400000| Untracked 
| 195|0x000000070f500000, 0x000000070f500000, 0x000000070f600000|  0%| F|  |TAMS 0x000000070f500000, 0x000000070f500000| Untracked 
| 196|0x000000070f600000, 0x000000070f600000, 0x000000070f700000|  0%| F|  |TAMS 0x000000070f600000, 0x000000070f600000| Untracked 
| 197|0x000000070f700000, 0x000000070f700000, 0x000000070f800000|  0%| F|  |TAMS 0x000000070f700000, 0x000000070f700000| Untracked 
| 198|0x000000070f800000, 0x000000070f800000, 0x000000070f900000|  0%| F|  |TAMS 0x000000070f800000, 0x000000070f800000| Untracked 
| 199|0x000000070f900000, 0x000000070f900000, 0x000000070fa00000|  0%| F|  |TAMS 0x000000070f900000, 0x000000070f900000| Untracked 
| 200|0x000000070fa00000, 0x000000070fa00000, 0x000000070fb00000|  0%| F|  |TAMS 0x000000070fa00000, 0x000000070fa00000| Untracked 
| 201|0x000000070fb00000, 0x000000070fb00000, 0x000000070fc00000|  0%| F|  |TAMS 0x000000070fb00000, 0x000000070fb00000| Untracked 
| 202|0x000000070fc00000, 0x000000070fc00000, 0x000000070fd00000|  0%| F|  |TAMS 0x000000070fc00000, 0x000000070fc00000| Untracked 
| 203|0x000000070fd00000, 0x000000070fd00000, 0x000000070fe00000|  0%| F|  |TAMS 0x000000070fd00000, 0x000000070fd00000| Untracked 
| 204|0x000000070fe00000, 0x000000070fe00000, 0x000000070ff00000|  0%| F|  |TAMS 0x000000070fe00000, 0x000000070fe00000| Untracked 
| 205|0x000000070ff00000, 0x000000070ff00000, 0x0000000710000000|  0%| F|  |TAMS 0x000000070ff00000, 0x000000070ff00000| Untracked 
| 206|0x0000000710000000, 0x0000000710000000, 0x0000000710100000|  0%| F|  |TAMS 0x0000000710000000, 0x0000000710000000| Untracked 
| 207|0x0000000710100000, 0x0000000710100000, 0x0000000710200000|  0%| F|  |TAMS 0x0000000710100000, 0x0000000710100000| Untracked 
| 208|0x0000000710200000, 0x0000000710200000, 0x0000000710300000|  0%| F|  |TAMS 0x0000000710200000, 0x0000000710200000| Untracked 
| 209|0x0000000710300000, 0x0000000710300000, 0x0000000710400000|  0%| F|  |TAMS 0x0000000710300000, 0x0000000710300000| Untracked 
| 210|0x0000000710400000, 0x0000000710400000, 0x0000000710500000|  0%| F|  |TAMS 0x0000000710400000, 0x0000000710400000| Untracked 
| 211|0x0000000710500000, 0x0000000710500000, 0x0000000710600000|  0%| F|  |TAMS 0x0000000710500000, 0x0000000710500000| Untracked 
| 212|0x0000000710600000, 0x0000000710600000, 0x0000000710700000|  0%| F|  |TAMS 0x0000000710600000, 0x0000000710600000| Untracked 
| 213|0x0000000710700000, 0x0000000710700000, 0x0000000710800000|  0%| F|  |TAMS 0x0000000710700000, 0x0000000710700000| Untracked 
| 214|0x0000000710800000, 0x0000000710800000, 0x0000000710900000|  0%| F|  |TAMS 0x0000000710800000, 0x0000000710800000| Untracked 
| 215|0x0000000710900000, 0x0000000710900000, 0x0000000710a00000|  0%| F|  |TAMS 0x0000000710900000, 0x0000000710900000| Untracked 
| 216|0x0000000710a00000, 0x0000000710a00000, 0x0000000710b00000|  0%| F|  |TAMS 0x0000000710a00000, 0x0000000710a00000| Untracked 
| 217|0x0000000710b00000, 0x0000000710b00000, 0x0000000710c00000|  0%| F|  |TAMS 0x0000000710b00000, 0x0000000710b00000| Untracked 
| 218|0x0000000710c00000, 0x0000000710c00000, 0x0000000710d00000|  0%| F|  |TAMS 0x0000000710c00000, 0x0000000710c00000| Untracked 
| 219|0x0000000710d00000, 0x0000000710d00000, 0x0000000710e00000|  0%| F|  |TAMS 0x0000000710d00000, 0x0000000710d00000| Untracked 
| 220|0x0000000710e00000, 0x0000000710e00000, 0x0000000710f00000|  0%| F|  |TAMS 0x0000000710e00000, 0x0000000710e00000| Untracked 
| 221|0x0000000710f00000, 0x0000000710f00000, 0x0000000711000000|  0%| F|  |TAMS 0x0000000710f00000, 0x0000000710f00000| Untracked 
| 222|0x0000000711000000, 0x0000000711000000, 0x0000000711100000|  0%| F|  |TAMS 0x0000000711000000, 0x0000000711000000| Untracked 
| 223|0x0000000711100000, 0x0000000711100000, 0x0000000711200000|  0%| F|  |TAMS 0x0000000711100000, 0x0000000711100000| Untracked 
| 224|0x0000000711200000, 0x0000000711200000, 0x0000000711300000|  0%| F|  |TAMS 0x0000000711200000, 0x0000000711200000| Untracked 
| 225|0x0000000711300000, 0x0000000711300000, 0x0000000711400000|  0%| F|  |TAMS 0x0000000711300000, 0x0000000711300000| Untracked 
| 226|0x0000000711400000, 0x0000000711400000, 0x0000000711500000|  0%| F|  |TAMS 0x0000000711400000, 0x0000000711400000| Untracked 
| 227|0x0000000711500000, 0x0000000711500000, 0x0000000711600000|  0%| F|  |TAMS 0x0000000711500000, 0x0000000711500000| Untracked 
| 228|0x0000000711600000, 0x0000000711600000, 0x0000000711700000|  0%| F|  |TAMS 0x0000000711600000, 0x0000000711600000| Untracked 
| 229|0x0000000711700000, 0x0000000711700000, 0x0000000711800000|  0%| F|  |TAMS 0x0000000711700000, 0x0000000711700000| Untracked 
| 230|0x0000000711800000, 0x0000000711800000, 0x0000000711900000|  0%| F|  |TAMS 0x0000000711800000, 0x0000000711800000| Untracked 
| 231|0x0000000711900000, 0x0000000711900000, 0x0000000711a00000|  0%| F|  |TAMS 0x0000000711900000, 0x0000000711900000| Untracked 
| 232|0x0000000711a00000, 0x0000000711a00000, 0x0000000711b00000|  0%| F|  |TAMS 0x0000000711a00000, 0x0000000711a00000| Untracked 
| 233|0x0000000711b00000, 0x0000000711b00000, 0x0000000711c00000|  0%| F|  |TAMS 0x0000000711b00000, 0x0000000711b00000| Untracked 
| 234|0x0000000711c00000, 0x0000000711c00000, 0x0000000711d00000|  0%| F|  |TAMS 0x0000000711c00000, 0x0000000711c00000| Untracked 
| 235|0x0000000711d00000, 0x0000000711d00000, 0x0000000711e00000|  0%| F|  |TAMS 0x0000000711d00000, 0x0000000711d00000| Untracked 
| 236|0x0000000711e00000, 0x0000000711e00000, 0x0000000711f00000|  0%| F|  |TAMS 0x0000000711e00000, 0x0000000711e00000| Untracked 
| 237|0x0000000711f00000, 0x0000000711f00000, 0x0000000712000000|  0%| F|  |TAMS 0x0000000711f00000, 0x0000000711f00000| Untracked 
| 238|0x0000000712000000, 0x0000000712000000, 0x0000000712100000|  0%| F|  |TAMS 0x0000000712000000, 0x0000000712000000| Untracked 
| 239|0x0000000712100000, 0x0000000712100000, 0x0000000712200000|  0%| F|  |TAMS 0x0000000712100000, 0x0000000712100000| Untracked 
| 240|0x0000000712200000, 0x0000000712200000, 0x0000000712300000|  0%| F|  |TAMS 0x0000000712200000, 0x0000000712200000| Untracked 
| 241|0x0000000712300000, 0x0000000712300000, 0x0000000712400000|  0%| F|  |TAMS 0x0000000712300000, 0x0000000712300000| Untracked 
| 242|0x0000000712400000, 0x0000000712400000, 0x0000000712500000|  0%| F|  |TAMS 0x0000000712400000, 0x0000000712400000| Untracked 
| 243|0x0000000712500000, 0x00000007125f4a30, 0x0000000712600000| 95%| E|  |TAMS 0x0000000712500000, 0x0000000712500000| Complete 
| 244|0x0000000712600000, 0x0000000712700000, 0x0000000712700000|100%| E|  |TAMS 0x0000000712600000, 0x0000000712600000| Complete 
| 245|0x0000000712700000, 0x0000000712800000, 0x0000000712800000|100%| E|CS|TAMS 0x0000000712700000, 0x0000000712700000| Complete 
| 246|0x0000000712800000, 0x0000000712900000, 0x0000000712900000|100%| E|CS|TAMS 0x0000000712800000, 0x0000000712800000| Complete 
| 247|0x0000000712900000, 0x0000000712a00000, 0x0000000712a00000|100%| E|CS|TAMS 0x0000000712900000, 0x0000000712900000| Complete 
| 248|0x0000000712a00000, 0x0000000712b00000, 0x0000000712b00000|100%| E|CS|TAMS 0x0000000712a00000, 0x0000000712a00000| Complete 
| 249|0x0000000712b00000, 0x0000000712c00000, 0x0000000712c00000|100%| E|CS|TAMS 0x0000000712b00000, 0x0000000712b00000| Complete 
| 250|0x0000000712c00000, 0x0000000712d00000, 0x0000000712d00000|100%| E|CS|TAMS 0x0000000712c00000, 0x0000000712c00000| Complete 
| 251|0x0000000712d00000, 0x0000000712e00000, 0x0000000712e00000|100%| E|CS|TAMS 0x0000000712d00000, 0x0000000712d00000| Complete 
| 252|0x0000000712e00000, 0x0000000712f00000, 0x0000000712f00000|100%| E|CS|TAMS 0x0000000712e00000, 0x0000000712e00000| Complete 
| 253|0x0000000712f00000, 0x0000000713000000, 0x0000000713000000|100%| E|CS|TAMS 0x0000000712f00000, 0x0000000712f00000| Complete 

Card table byte_map: [0x0000020b382a0000,0x0000020b38a90000] _byte_map_base: 0x0000020b34a87000

Marking Bits (Prev, Next): (CMBitMap*) 0x0000020b1f3da328, (CMBitMap*) 0x0000020b1f3da360
 Prev Bits: [0x0000020b39280000, 0x0000020b3d1b8000)
 Next Bits: [0x0000020b3d1c0000, 0x0000020b410f8000)

Polling page: 0x0000020b1db50000

Metaspace:

Usage:
  Non-class:      8.43 MB capacity,     8.29 MB ( 98%) used,   132.64 KB (  2%) free+waste,    10.75 KB ( <1%) overhead. 
      Class:    875.00 KB capacity,   814.34 KB ( 93%) used,    55.66 KB (  6%) free+waste,     5.00 KB ( <1%) overhead. 
       Both:      9.29 MB capacity,     9.09 MB ( 98%) used,   188.30 KB (  2%) free+waste,    15.75 KB ( <1%) overhead. 

Virtual space:
  Non-class space:       10.00 MB reserved,       8.50 MB ( 85%) committed 
      Class space:        1.00 GB reserved,     896.00 KB ( <1%) committed 
             Both:        1.01 GB reserved,       9.38 MB ( <1%) committed 

Chunk freelists:
   Non-Class:  5.00 KB
       Class:  21.00 KB
        Both:  26.00 KB

MaxMetaspaceSize: 17179869184.00 GB
CompressedClassSpaceSize: 1.00 GB
Initial GC threshold: 20.80 MB
Current GC threshold: 20.80 MB
CDS: off

CodeHeap 'non-profiled nmethods': size=119168Kb used=163Kb max_used=163Kb free=119004Kb
 bounds [0x0000020b2f6a0000, 0x0000020b2f910000, 0x0000020b36b00000]
CodeHeap 'profiled nmethods': size=119168Kb used=1067Kb max_used=1067Kb free=118100Kb
 bounds [0x0000020b28240000, 0x0000020b284b0000, 0x0000020b2f6a0000]
CodeHeap 'non-nmethods': size=7424Kb used=2826Kb max_used=2838Kb free=4598Kb
 bounds [0x0000020b27b00000, 0x0000020b27dd0000, 0x0000020b28240000]
 total_blobs=1000 nmethods=621 adapters=289
 compilation: enabled
              stopped_count=0, restarted_count=0
 full_count=0

Compilation events (20 events):
Event: 0.227 Thread 0x0000020b44b52000 nmethod 565 0x0000020b2f6c7b90 code [0x0000020b2f6c7d20, 0x0000020b2f6c7dd8]
Event: 0.227 Thread 0x0000020b44b52000  566       4       java.util.zip.ZipUtils::CENFLG (9 bytes)
Event: 0.227 Thread 0x0000020b44f7b800  601       3       java.util.LinkedHashMap::newNode (23 bytes)
Event: 0.227 Thread 0x0000020b44ae0800  602       3       java.util.LinkedHashMap$Entry::<init> (10 bytes)
Event: 0.227 Thread 0x0000020b44b58800  603       3       java.util.LinkedHashMap::linkNodeLast (33 bytes)
Event: 0.227 Thread 0x0000020b44f7a800  604       3       java.util.LinkedHashMap::afterNodeInsertion (40 bytes)
Event: 0.227 Thread 0x0000020b44ae0800 nmethod 602 0x0000020b2833fe90 code [0x0000020b28340060, 0x0000020b28340358]
Event: 0.227 Thread 0x0000020b44ae0800  606       3       java.util.jar.Attributes$Name::of (28 bytes)
Event: 0.227 Thread 0x0000020b44b58800 nmethod 603 0x0000020b28340490 code [0x0000020b28340660, 0x0000020b28340958]
Event: 0.227 Thread 0x0000020b44b58800  607       3       java.lang.String::<init> (127 bytes)
Event: 0.227 Thread 0x0000020b44f7b800 nmethod 601 0x0000020b28340a90 code [0x0000020b28340c80, 0x0000020b28341298]
Event: 0.227 Thread 0x0000020b44b52000 nmethod 566 0x0000020b2f6c7f10 code [0x0000020b2f6c80a0, 0x0000020b2f6c8158]
Event: 0.227 Thread 0x0000020b44f7b800  608       3       java.util.jar.Attributes::putValue (13 bytes)
Event: 0.227 Thread 0x0000020b44b52000  605       4       java.util.jar.Manifest$FastInputStream::readLine (296 bytes)
Event: 0.227 Thread 0x0000020b44f7a800 nmethod 604 0x0000020b28341490 code [0x0000020b28341680, 0x0000020b28341b08]
Event: 0.227 Thread 0x0000020b44f7a800  609       3       java.util.jar.Attributes::put (18 bytes)
Event: 0.228 Thread 0x0000020b44f7a800 nmethod 609 0x0000020b28341c90 code [0x0000020b28341e60, 0x0000020b28342228]
Event: 0.228 Thread 0x0000020b44b58800 nmethod 607 0x0000020b28342310 code [0x0000020b28342520, 0x0000020b28342a48]
Event: 0.228 Thread 0x0000020b44f7b800 nmethod 608 0x0000020b28342c10 code [0x0000020b28342e80, 0x0000020b28343948]
Event: 0.228 Thread 0x0000020b44ae0800 nmethod 606 0x0000020b28343c90 code [0x0000020b28343ec0, 0x0000020b28344598]

GC Heap History (0 events):
No events

Deoptimization events (20 events):
Event: 0.214 Thread 0x0000020b1f375800 DEOPT PACKING pc=0x0000020b2826e38e sp=0x000000e5262fad80
Event: 0.214 Thread 0x0000020b1f375800 DEOPT UNPACKING pc=0x0000020b27b49d0e sp=0x000000e5262fa220 mode 0
Event: 0.214 Thread 0x0000020b1f375800 DEOPT PACKING pc=0x0000020b2826ea4b sp=0x000000e5262fad50
Event: 0.214 Thread 0x0000020b1f375800 DEOPT UNPACKING pc=0x0000020b27b49d0e sp=0x000000e5262fa220 mode 0
Event: 0.214 Thread 0x0000020b1f375800 DEOPT PACKING pc=0x0000020b2826ea4b sp=0x000000e5262fad50
Event: 0.214 Thread 0x0000020b1f375800 DEOPT UNPACKING pc=0x0000020b27b49d0e sp=0x000000e5262fa220 mode 0
Event: 0.215 Thread 0x0000020b1f375800 DEOPT PACKING pc=0x0000020b2826ea4b sp=0x000000e5262fad50
Event: 0.215 Thread 0x0000020b1f375800 DEOPT UNPACKING pc=0x0000020b27b49d0e sp=0x000000e5262fa220 mode 0
Event: 0.215 Thread 0x0000020b1f375800 DEOPT PACKING pc=0x0000020b2826ea4b sp=0x000000e5262fad50
Event: 0.215 Thread 0x0000020b1f375800 DEOPT UNPACKING pc=0x0000020b27b49d0e sp=0x000000e5262fa220 mode 0
Event: 0.215 Thread 0x0000020b1f375800 DEOPT PACKING pc=0x0000020b2826ea4b sp=0x000000e5262fad50
Event: 0.215 Thread 0x0000020b1f375800 DEOPT UNPACKING pc=0x0000020b27b49d0e sp=0x000000e5262fa220 mode 0
Event: 0.215 Thread 0x0000020b1f375800 DEOPT PACKING pc=0x0000020b2826ea4b sp=0x000000e5262fad50
Event: 0.215 Thread 0x0000020b1f375800 DEOPT UNPACKING pc=0x0000020b27b49d0e sp=0x000000e5262fa220 mode 0
Event: 0.215 Thread 0x0000020b1f375800 DEOPT PACKING pc=0x0000020b2826ea4b sp=0x000000e5262fad50
Event: 0.215 Thread 0x0000020b1f375800 DEOPT UNPACKING pc=0x0000020b27b49d0e sp=0x000000e5262fa220 mode 0
Event: 0.215 Thread 0x0000020b1f375800 DEOPT PACKING pc=0x0000020b282f7ce8 sp=0x000000e5262fe6c0
Event: 0.215 Thread 0x0000020b1f375800 DEOPT UNPACKING pc=0x0000020b27b49d0e sp=0x000000e5262fdb18 mode 0
Event: 0.216 Thread 0x0000020b1f375800 DEOPT PACKING pc=0x0000020b2826ea4b sp=0x000000e5262fad50
Event: 0.216 Thread 0x0000020b1f375800 DEOPT UNPACKING pc=0x0000020b27b49d0e sp=0x000000e5262fa220 mode 0

Classes redefined (0 events):
No events

Internal exceptions (6 events):
Event: 0.139 Thread 0x0000020b1f375800 Exception <a 'java/lang/NoSuchMethodError'{0x0000000712c1bac0}: 'java.lang.Object java.lang.invoke.DirectMethodHandle$Holder.invokeStaticInit(java.lang.Object, java.lang.Object, java.lang.Object)'> (0x0000000712c1bac0) thrown at [./src/hotspot/share/interpreter/linkResolver.cpp, line 773]
Event: 0.197 Thread 0x0000020b44d1c800 Exception <a 'java/lang/NoSuchMethodError'{0x0000000712ab2910}: 'void java.lang.invoke.DirectMethodHandle$Holder.invokeStatic(java.lang.Object, long)'> (0x0000000712ab2910) thrown at [./src/hotspot/share/interpreter/linkResolver.cpp, line 773]
Event: 0.197 Thread 0x0000020b44d1c800 Exception <a 'java/lang/NoSuchMethodError'{0x0000000712ab78b8}: 'java.lang.Object java.lang.invoke.DirectMethodHandle$Holder.invokeStatic(java.lang.Object, long)'> (0x0000000712ab78b8) thrown at [./src/hotspot/share/interpreter/linkResolver.cpp, line 773]
Event: 0.199 Thread 0x0000020b44d1c800 Exception <a 'java/lang/NoSuchMethodError'{0x0000000712ac5958}: 'java.lang.Object java.lang.invoke.DirectMethodHandle$Holder.invokeStaticInit(java.lang.Object, java.lang.Object, long, java.lang.Object)'> (0x0000000712ac5958) thrown at [./src/hotspot/share/interpreter/linkResolver.cpp, line 773]
Event: 0.200 Thread 0x0000020b44d1c800 Exception <a 'java/lang/NoSuchMethodError'{0x0000000712acb880}: 'java.lang.Object java.lang.invoke.DirectMethodHandle$Holder.invokeStatic(java.lang.Object, java.lang.Object, long)'> (0x0000000712acb880) thrown at [./src/hotspot/share/interpreter/linkResolver.cpp, line 773]
Event: 0.200 Thread 0x0000020b44d1c800 Exception <a 'java/lang/NoSuchMethodError'{0x0000000712ad1b50}: 'java.lang.Object java.lang.invoke.Invokers$Holder.linkToTargetMethod(java.lang.Object, long, java.lang.Object)'> (0x0000000712ad1b50) thrown at [./src/hotspot/share/interpreter/linkResolver.cpp, line 773]

Events (20 events):
Event: 0.207 loading class java/io/Reader done
Event: 0.207 loading class java/io/InputStreamReader done
Event: 0.207 loading class sun/nio/cs/StreamDecoder
Event: 0.207 loading class sun/nio/cs/StreamDecoder done
Event: 0.207 loading class sun/nio/cs/US_ASCII$Decoder
Event: 0.207 loading class sun/nio/cs/US_ASCII$Decoder done
Event: 0.207 loading class java/util/Scanner$PatternLRUCache
Event: 0.207 loading class java/util/Scanner$PatternLRUCache done
Event: 0.207 loading class java/nio/CharBuffer
Event: 0.208 loading class java/nio/CharBuffer done
Event: 0.208 loading class java/nio/HeapCharBuffer
Event: 0.208 loading class java/nio/HeapCharBuffer done
Event: 0.208 loading class java/util/regex/Matcher
Event: 0.208 loading class java/util/regex/MatchResult
Event: 0.208 loading class java/util/regex/MatchResult done
Event: 0.208 loading class java/util/regex/Matcher done
Event: 0.208 loading class java/util/regex/IntHashSet
Event: 0.208 loading class java/util/regex/IntHashSet done
Event: 0.209 loading class java/nio/charset/CoderResult
Event: 0.210 loading class java/nio/charset/CoderResult done


Dynamic libraries:
0x00007ff7ce570000 - 0x00007ff7ce57d000 	C:\Program Files\Amazon Corretto\jdk11.0.17_8\bin\java.exe
0x00007ffb78790000 - 0x00007ffb78985000 	C:\Windows\SYSTEM32\ntdll.dll
0x00007ffb78200000 - 0x00007ffb782bd000 	C:\Windows\System32\KERNEL32.DLL
0x00007ffb760d0000 - 0x00007ffb76398000 	C:\Windows\System32\KERNELBASE.dll
0x00007ffb75ed0000 - 0x00007ffb75fd0000 	C:\Windows\System32\ucrtbase.dll
0x00007ffb669c0000 - 0x00007ffb669d7000 	C:\Program Files\Amazon Corretto\jdk11.0.17_8\bin\jli.dll
0x00007ffb669e0000 - 0x00007ffb669f9000 	C:\Program Files\Amazon Corretto\jdk11.0.17_8\bin\VCRUNTIME140.dll
0x00007ffb76860000 - 0x00007ffb76a00000 	C:\Windows\System32\USER32.dll
0x00007ffb74ae0000 - 0x00007ffb74d7a000 	C:\Windows\WinSxS\amd64_microsoft.windows.common-controls_6595b64144ccf1df_6.0.19041.844_none_ca00b6081b84eb1d\COMCTL32.dll
0x00007ffb765b0000 - 0x00007ffb765d2000 	C:\Windows\System32\win32u.dll
0x00007ffb76b00000 - 0x00007ffb76b9e000 	C:\Windows\System32\msvcrt.dll
0x00007ffb77740000 - 0x00007ffb7776a000 	C:\Windows\System32\GDI32.dll
0x00007ffb763a0000 - 0x00007ffb764ab000 	C:\Windows\System32\gdi32full.dll
0x00007ffb75fd0000 - 0x00007ffb7606d000 	C:\Windows\System32\msvcp_win.dll
0x00007ffb77de0000 - 0x00007ffb77e10000 	C:\Windows\System32\IMM32.DLL
0x00007ffb66390000 - 0x00007ffb6642b000 	C:\Program Files\Amazon Corretto\jdk11.0.17_8\bin\msvcp140.dll
0x00007ffb64650000 - 0x00007ffb651d5000 	C:\Program Files\Amazon Corretto\jdk11.0.17_8\bin\server\jvm.dll
0x00007ffb76ba0000 - 0x00007ffb76c4c000 	C:\Windows\System32\ADVAPI32.dll
0x00007ffb76a00000 - 0x00007ffb76a9b000 	C:\Windows\System32\sechost.dll
0x00007ffb76d00000 - 0x00007ffb76e2b000 	C:\Windows\System32\RPCRT4.dll
0x00007ffb76850000 - 0x00007ffb76858000 	C:\Windows\System32\PSAPI.DLL
0x00007ffb66970000 - 0x00007ffb66979000 	C:\Windows\SYSTEM32\WSOCK32.dll
0x00007ffb6e0c0000 - 0x00007ffb6e0ca000 	C:\Windows\SYSTEM32\VERSION.dll
0x00007ffb74880000 - 0x00007ffb748a7000 	C:\Windows\SYSTEM32\WINMM.dll
0x00007ffb77fe0000 - 0x00007ffb7804b000 	C:\Windows\System32\WS2_32.dll
0x00007ffb73730000 - 0x00007ffb73742000 	C:\Windows\SYSTEM32\kernel.appcore.dll
0x00007ffb66490000 - 0x00007ffb664a0000 	C:\Program Files\Amazon Corretto\jdk11.0.17_8\bin\verify.dll
0x00007ffb63290000 - 0x00007ffb63474000 	C:\Windows\SYSTEM32\DBGHELP.DLL
0x00007ffb62ef0000 - 0x00007ffb62f1c000 	C:\Windows\SYSTEM32\dbgcore.DLL
0x00007ffb764b0000 - 0x00007ffb76530000 	C:\Windows\System32\bcryptPrimitives.dll
0x00007ffb62e50000 - 0x00007ffb62e78000 	C:\Program Files\Amazon Corretto\jdk11.0.17_8\bin\java.dll
0x00007ffb62d10000 - 0x00007ffb62d1a000 	C:\Program Files\Amazon Corretto\jdk11.0.17_8\bin\jimage.dll
0x00007ffb66260000 - 0x00007ffb66278000 	C:\Program Files\Amazon Corretto\jdk11.0.17_8\bin\zip.dll
0x00007ffb76f10000 - 0x00007ffb77652000 	C:\Windows\System32\SHELL32.dll
0x00007ffb73fc0000 - 0x00007ffb74751000 	C:\Windows\SYSTEM32\windows.storage.dll
0x00007ffb78340000 - 0x00007ffb78695000 	C:\Windows\System32\combase.dll
0x00007ffb75840000 - 0x00007ffb7586c000 	C:\Windows\SYSTEM32\Wldp.dll
0x00007ffb76c50000 - 0x00007ffb76cfe000 	C:\Windows\System32\SHCORE.dll
0x00007ffb767f0000 - 0x00007ffb76845000 	C:\Windows\System32\shlwapi.dll
0x00007ffb75e10000 - 0x00007ffb75e2f000 	C:\Windows\SYSTEM32\profapi.dll
0x00007ffb61ac0000 - 0x00007ffb61ad9000 	C:\Program Files\Amazon Corretto\jdk11.0.17_8\bin\net.dll
0x00007ffb6b2a0000 - 0x00007ffb6b3ab000 	C:\Windows\SYSTEM32\WINHTTP.dll
0x00007ffb75580000 - 0x00007ffb755ea000 	C:\Windows\system32\mswsock.dll
0x00007ffb61a80000 - 0x00007ffb61a93000 	C:\Program Files\Amazon Corretto\jdk11.0.17_8\bin\nio.dll
0x00007ffb5c320000 - 0x00007ffb5c329000 	C:\Program Files\Amazon Corretto\jdk11.0.17_8\bin\management.dll
0x00007ffb5b890000 - 0x00007ffb5b89b000 	C:\Program Files\Amazon Corretto\jdk11.0.17_8\bin\management_ext.dll

dbghelp: loaded successfully - version: 4.0.5 - missing functions: none
symbol engine: initialized successfully - sym options: 0x614 - pdb path: .;C:\Program Files\Amazon Corretto\jdk11.0.17_8\bin;C:\Windows\SYSTEM32;C:\Windows\WinSxS\amd64_microsoft.windows.common-controls_6595b64144ccf1df_6.0.19041.844_none_ca00b6081b84eb1d;C:\Program Files\Amazon Corretto\jdk11.0.17_8\bin\server

VM Arguments:
java_command: C:\Users\SksUser\AppData\Local\Temp\surefire10315323578823091999\surefirebooter8970606841601196946.jar C:\Users\SksUser\AppData\Local\Temp\surefire10315323578823091999 2023-03-20T11-24-28_021-jvmRun1 surefire4091251512013543850tmp surefire_018039651216544832589tmp
java_class_path (initial): C:\Users\SksUser\AppData\Local\Temp\surefire10315323578823091999\surefirebooter8970606841601196946.jar
Launcher Type: SUN_STANDARD

[Global flags]
     intx CICompilerCount                          = 12                                        {product} {ergonomic}
     uint ConcGCThreads                            = 3                                         {product} {ergonomic}
     uint G1ConcRefinementThreads                  = 13                                        {product} {ergonomic}
   size_t G1HeapRegionSize                         = 1048576                                   {product} {ergonomic}
    uintx GCDrainStackTargetSize                   = 64                                        {product} {ergonomic}
   size_t InitialHeapSize                          = 266338304                                 {product} {ergonomic}
   size_t MarkStackSize                            = 4194304                                   {product} {ergonomic}
   size_t MaxHeapSize                              = 4242538496                                {product} {ergonomic}
   size_t MaxNewSize                               = 2544893952                                {product} {ergonomic}
   size_t MinHeapDeltaBytes                        = 1048576                                   {product} {ergonomic}
    uintx NonNMethodCodeHeapSize                   = 7594288                                {pd product} {ergonomic}
    uintx NonProfiledCodeHeapSize                  = 122031976                              {pd product} {ergonomic}
    uintx ProfiledCodeHeapSize                     = 122031976                              {pd product} {ergonomic}
    uintx ReservedCodeCacheSize                    = 251658240                              {pd product} {ergonomic}
     bool SegmentedCodeCache                       = true                                      {product} {ergonomic}
     bool UseCompressedClassPointers               = true                                 {lp64_product} {ergonomic}
     bool UseCompressedOops                        = true                                 {lp64_product} {ergonomic}
     bool UseG1GC                                  = true                                      {product} {ergonomic}
     bool UseLargePagesIndividualAllocation        = false                                  {pd product} {ergonomic}

Logging:
Log output configuration:
 #0: stdout all=warning uptime,level,tags
 #1: stderr all=off uptime,level,tags

Environment Variables:
JAVA_HOME=C:\Program Files\Amazon Corretto\jdk11.0.17_8
PATH=C:\Program Files\Amazon Corretto\jdk11.0.17_8\bin;C:\Program Files (x86)\Common Files\Oracle\Java\javapath;C:\Windows\system32;C:\Windows;C:\Windows\System32\Wbem;C:\Windows\System32\WindowsPowerShell\v1.0\;C:\Windows\System32\OpenSSH\;C:\Program Files\WireGuard\;C:\Program Files\PuTTY\;C:\Program Files\Git\cmd;C:\Program Files\dotnet\;C:\Users\SksUser\AppData\Local\Microsoft\WindowsApps;;C:\Users\SksUser\AppData\Local\Programs\Microsoft VS Code\bin;C:\Program Files\JetBrains\IntelliJ IDEA Community Edition 2022.2.3\bin;
USERNAME=SksUser
OS=Windows_NT
PROCESSOR_IDENTIFIER=Intel64 Family 6 Model 167 Stepping 1, GenuineIntel
TMP=C:\Users\SksUser\AppData\Local\Temp
TEMP=C:\Users\SksUser\AppData\Local\Temp



---------------  S Y S T E M  ---------------

OS: Windows 10 , 64 bit Build 19041 (10.0.19041.928)
OS uptime: 33 days 1:39 hours

CPU:total 16 (initial active 16) (8 cores per cpu, 2 threads per core) family 6 model 167 stepping 1 microcode 0x34, cmov, cx8, fxsr, mmx, sse, sse2, sse3, ssse3, sse4.1, sse4.2, popcnt, avx, avx2, aes, clmul, erms, 3dnowpref, lzcnt, ht, tsc, tscinvbit, bmi1, bmi2, adx, evex, sha, fma

Memory: 4k page, system-wide physical 16177M (382M free)
TotalPageFile size 24369M (AvailPageFile size 5M)
current process WorkingSet (physical memory assigned to process): 58M, peak: 58M
current process commit charge ("private bytes"): 358M, peak: 358M

vm_info: OpenJDK 64-Bit Server VM (11.0.17+8-LTS) for windows-amd64 JRE (11.0.17+8-LTS), built on Oct 14 2022 18:02:01 by "Administrator" with MS VC++ 15.9 (VS2017)

END.
