#
# There is insufficient memory for the Java Runtime Environment to continue.
# Native memory allocation (malloc) failed to allocate 962896 bytes for Chunk::new
# Possible reasons:
#   The system is out of physical RAM or swap space
#   The process is running with CompressedOops enabled, and the Java Heap may be blocking the growth of the native heap
# Possible solutions:
#   Reduce memory load on the system
#   Increase physical memory or swap space
#   Check if swap backing store is full
#   Decrease Java heap size (-Xmx/-Xms)
#   Decrease number of Java threads
#   Decrease Java thread stack sizes (-Xss)
#   Set larger code cache with -XX:ReservedCodeCacheSize=
#   JVM is running with Zero Based Compressed Oops mode in which the Java heap is
#     placed in the first 32GB address space. The Java Heap base address is the
#     maximum limit for the native heap growth. Please use -XX:HeapBaseMinAddress
#     to set the Java Heap base and to place the Java Heap above 32GB virtual address.
# This output file may be truncated or incomplete.
#
#  Out of Memory Error (./src/hotspot/share/memory/arena.cpp:197), pid=8680, tid=40624
#
# JRE version: OpenJDK Runtime Environment Corretto-11.0.17.8.1 (11.0.17+8) (build 11.0.17+8-LTS)
# Java VM: OpenJDK 64-Bit Server VM Corretto-11.0.17.8.1 (11.0.17+8-LTS, mixed mode, tiered, compressed oops, g1 gc, windows-amd64)
# No core dump will be written. Minidumps are not enabled by default on client versions of Windows
#

---------------  S U M M A R Y ------------

Command Line: -Dmaven.multiModuleProjectDirectory=C:\Users\SksUser\dev\java-shareit -Dmaven.home=C:\Program Files\JetBrains\IntelliJ IDEA 2022.1.2\plugins\maven\lib\maven3 -Dclassworlds.conf=C:\Program Files\JetBrains\IntelliJ IDEA 2022.1.2\plugins\maven\lib\maven3\bin\m2.conf -Dmaven.ext.class.path=C:\Program Files\JetBrains\IntelliJ IDEA 2022.1.2\plugins\maven\lib\maven-event-listener.jar -javaagent:C:\Program Files\JetBrains\IntelliJ IDEA 2022.1.2\lib\idea_rt.jar=59843:C:\Program Files\JetBrains\IntelliJ IDEA 2022.1.2\bin -Dfile.encoding=UTF-8 org.codehaus.classworlds.Launcher -Didea.version=2022.1.2 clean install

Host: 11th Gen Intel(R) Core(TM) i7-11700 @ 2.50GHz, 16 cores, 15G,  Windows 10 , 64 bit Build 19041 (10.0.19041.928)
Time: Mon Mar 20 11:24:28 2023 RTZ 2 (s 10 , 64 bit Build 19041 (10.0.19041.928) elapsed time: 4.613707 seconds (0d 0h 0m 4s)

---------------  T H R E A D  ---------------

Current thread (0x0000024b9a8fc800):  JavaThread "C2 CompilerThread0" daemon [_thread_in_native, id=40624, stack(0x000000e286b00000,0x000000e286c00000)]


Current CompileTask:
C2:   4613 6799       4       lombok.javac.JavacAST::buildTree (176 bytes)

Stack: [0x000000e286b00000,0x000000e286c00000]
Native frames: (J=compiled Java code, j=interpreted, Vv=VM code, C=native code)
V  [jvm.dll+0x61f66a]
V  [jvm.dll+0x7ac889]
V  [jvm.dll+0x7adf78]
V  [jvm.dll+0x7ae653]
V  [jvm.dll+0x24fbe8]
V  [jvm.dll+0xc262c]
V  [jvm.dll+0xc2bec]
V  [jvm.dll+0x359ff2]
V  [jvm.dll+0x19eac1]
V  [jvm.dll+0x209165]
V  [jvm.dll+0x20818d]
V  [jvm.dll+0x18a3c1]
V  [jvm.dll+0x217894]
V  [jvm.dll+0x215adb]
V  [jvm.dll+0x76f380]
V  [jvm.dll+0x7682b4]
V  [jvm.dll+0x61e4d5]
C  [ucrtbase.dll+0x21bb2]
C  [KERNEL32.DLL+0x17034]
C  [ntdll.dll+0x52651]


---------------  P R O C E S S  ---------------

Threads class SMR info:
_java_thread_list=0x0000024b9e254d80, length=27, elements={
0x0000024bf5079800, 0x0000024b99fe8800, 0x0000024b99fea800, 0x0000024b9a8f4800,
0x0000024b9a8f6000, 0x0000024b9a8f9000, 0x0000024b9a8fc800, 0x0000024b9a8ff800,
0x0000024b9a903000, 0x0000024b9a880800, 0x0000024b9aab8800, 0x0000024b9aab9000,
0x0000024b9aa6b800, 0x0000024b9aa70800, 0x0000024b9ae15000, 0x0000024b9b36a000,
0x0000024b9f306000, 0x0000024ba05fa000, 0x0000024ba042b800, 0x0000024ba0297000,
0x0000024b9f206000, 0x0000024b9f9fa800, 0x0000024b9f9fb800, 0x0000024ba378f800,
0x0000024ba0287800, 0x0000024ba0288800, 0x0000024ba0289800
}

Java Threads: ( => current thread )
  0x0000024bf5079800 JavaThread "main" [_thread_in_native, id=29172, stack(0x000000e285f00000,0x000000e286000000)]
  0x0000024b99fe8800 JavaThread "Reference Handler" daemon [_thread_blocked, id=28916, stack(0x000000e286600000,0x000000e286700000)]
  0x0000024b99fea800 JavaThread "Finalizer" daemon [_thread_blocked, id=17608, stack(0x000000e286700000,0x000000e286800000)]
  0x0000024b9a8f4800 JavaThread "Signal Dispatcher" daemon [_thread_blocked, id=28236, stack(0x000000e286800000,0x000000e286900000)]
  0x0000024b9a8f6000 JavaThread "Attach Listener" daemon [_thread_blocked, id=22980, stack(0x000000e286900000,0x000000e286a00000)]
  0x0000024b9a8f9000 JavaThread "Service Thread" daemon [_thread_blocked, id=38776, stack(0x000000e286a00000,0x000000e286b00000)]
=>0x0000024b9a8fc800 JavaThread "C2 CompilerThread0" daemon [_thread_in_native, id=40624, stack(0x000000e286b00000,0x000000e286c00000)]
  0x0000024b9a8ff800 JavaThread "C1 CompilerThread0" daemon [_thread_blocked, id=40140, stack(0x000000e286c00000,0x000000e286d00000)]
  0x0000024b9a903000 JavaThread "Sweeper thread" daemon [_thread_blocked, id=21852, stack(0x000000e286d00000,0x000000e286e00000)]
  0x0000024b9a880800 JavaThread "Common-Cleaner" daemon [_thread_blocked, id=39176, stack(0x000000e286e00000,0x000000e286f00000)]
  0x0000024b9aab8800 JavaThread "C1 CompilerThread1" daemon [_thread_blocked, id=32052, stack(0x000000e286f00000,0x000000e287000000)]
  0x0000024b9aab9000 JavaThread "C1 CompilerThread2" daemon [_thread_blocked, id=35612, stack(0x000000e287000000,0x000000e287100000)]
  0x0000024b9aa6b800 JavaThread "C2 CompilerThread1" daemon [_thread_blocked, id=18372, stack(0x000000e287100000,0x000000e287200000)]
  0x0000024b9aa70800 JavaThread "C2 CompilerThread2" daemon [_thread_blocked, id=38464, stack(0x000000e287200000,0x000000e287300000)]
  0x0000024b9ae15000 JavaThread "Monitor Ctrl-Break" daemon [_thread_in_native, id=19880, stack(0x000000e287300000,0x000000e287400000)]
  0x0000024b9b36a000 JavaThread "C1 CompilerThread3" daemon [_thread_blocked, id=38084, stack(0x000000e287500000,0x000000e287600000)]
  0x0000024b9f306000 JavaThread "resolver-1" daemon [_thread_blocked, id=26888, stack(0x000000e287e00000,0x000000e287f00000)]
  0x0000024ba05fa000 JavaThread "resolver-2" daemon [_thread_blocked, id=34320, stack(0x000000e287f00000,0x000000e288000000)]
  0x0000024ba042b800 JavaThread "resolver-3" daemon [_thread_blocked, id=7388, stack(0x000000e288000000,0x000000e288100000)]
  0x0000024ba0297000 JavaThread "resolver-4" daemon [_thread_blocked, id=38208, stack(0x000000e288100000,0x000000e288200000)]
  0x0000024b9f206000 JavaThread "resolver-5" daemon [_thread_blocked, id=40468, stack(0x000000e288200000,0x000000e288300000)]
  0x0000024b9f9fa800 JavaThread "timeout-check-timer" daemon [_thread_blocked, id=14276, stack(0x000000e288300000,0x000000e288400000)]
  0x0000024b9f9fb800 JavaThread "ping-timer-10s" daemon [_thread_blocked, id=23620, stack(0x000000e288400000,0x000000e288500000)]
  0x0000024ba378f800 JavaThread "ThreadedStreamConsumer" daemon [_thread_in_vm, id=23788, stack(0x000000e288500000,0x000000e288600000)]
  0x0000024ba0287800 JavaThread "Thread-2" [_thread_blocked, id=26776, stack(0x000000e288600000,0x000000e288700000)]
  0x0000024ba0288800 JavaThread "Thread-3" [_thread_in_native, id=34652, stack(0x000000e288700000,0x000000e288800000)]
  0x0000024ba0289800 JavaThread "Thread-4" [_thread_in_native, id=23144, stack(0x000000e288800000,0x000000e288900000)]

Other Threads:
  0x0000024b99fe6800 VMThread "VM Thread" [stack: 0x000000e286500000,0x000000e286600000] [id=23532]
  0x0000024b9ae17800 WatcherThread [stack: 0x000000e287400000,0x000000e287500000] [id=30340]
  0x0000024bf5092000 GCTaskThread "GC Thread#0" [stack: 0x000000e286000000,0x000000e286100000] [id=28968]
  0x0000024b9c05b800 GCTaskThread "GC Thread#1" [stack: 0x000000e287600000,0x000000e287700000] [id=36004]
  0x0000024b9c058000 GCTaskThread "GC Thread#2" [stack: 0x000000e287700000,0x000000e287800000] [id=38740]
  0x0000024b9c05b000 GCTaskThread "GC Thread#3" [stack: 0x000000e287800000,0x000000e287900000] [id=30564]
  0x0000024b9c059800 GCTaskThread "GC Thread#4" [stack: 0x000000e287900000,0x000000e287a00000] [id=27656]
  0x0000024b9c05c800 GCTaskThread "GC Thread#5" [stack: 0x000000e287a00000,0x000000e287b00000] [id=13084]
  0x0000024b9c056800 GCTaskThread "GC Thread#6" [stack: 0x000000e287d00000,0x000000e287e00000] [id=1492]
  0x0000024bf50f2000 ConcurrentGCThread "G1 Main Marker" [stack: 0x000000e286100000,0x000000e286200000] [id=9148]
  0x0000024bf50f3800 ConcurrentGCThread "G1 Conc#0" [stack: 0x000000e286200000,0x000000e286300000] [id=40832]
  0x0000024b9c059000 ConcurrentGCThread "G1 Conc#1" [stack: 0x000000e287b00000,0x000000e287c00000] [id=33864]
  0x0000024b9c05d000 ConcurrentGCThread "G1 Conc#2" [stack: 0x000000e287c00000,0x000000e287d00000] [id=41368]
  0x0000024b99ec2800 ConcurrentGCThread "G1 Refine#0" [stack: 0x000000e286300000,0x000000e286400000] [id=10932]
  0x0000024b99ec4800 ConcurrentGCThread "G1 Young RemSet Sampling" [stack: 0x000000e286400000,0x000000e286500000] [id=33720]

Threads with active compile tasks:
C2 CompilerThread0     4628 6799       4       lombok.javac.JavacAST::buildTree (176 bytes)

VM state:not at safepoint (normal execution)

VM Mutex/Monitor currently owned by a thread: None

Heap address: 0x0000000703200000, size: 4046 MB, Compressed Oops mode: Zero based, Oop shift amount: 3
Narrow klass base: 0x0000000800000000, Narrow klass shift: 0
Compressed class space size: 1073741824 Address: 0x0000000800000000

Heap:
 garbage-first heap   total 323584K, used 160686K [0x0000000703200000, 0x0000000800000000)
  region size 1024K, 122 young (124928K), 15 survivors (15360K)
 Metaspace       used 42175K, capacity 43236K, committed 43392K, reserved 1087488K
  class space    used 4222K, capacity 4632K, committed 4736K, reserved 1048576K
Heap Regions: E=young(eden), S=young(survivor), O=old, HS=humongous(starts), HC=humongous(continues), CS=collection set, F=free, A=archive, TAMS=top-at-mark-start (previous, next)
|   0|0x0000000703200000, 0x0000000703300000, 0x0000000703300000|100%| O|  |TAMS 0x0000000703300000, 0x0000000703200000| Untracked 
|   1|0x0000000703300000, 0x0000000703400000, 0x0000000703400000|100%| O|  |TAMS 0x0000000703400000, 0x0000000703300000| Untracked 
|   2|0x0000000703400000, 0x0000000703500000, 0x0000000703500000|100%| O|  |TAMS 0x0000000703500000, 0x0000000703400000| Untracked 
|   3|0x0000000703500000, 0x0000000703600000, 0x0000000703600000|100%| O|  |TAMS 0x0000000703600000, 0x0000000703500000| Untracked 
|   4|0x0000000703600000, 0x0000000703700000, 0x0000000703700000|100%|HS|  |TAMS 0x0000000703700000, 0x0000000703600000| Complete 
|   5|0x0000000703700000, 0x0000000703800000, 0x0000000703800000|100%| O|  |TAMS 0x0000000703800000, 0x0000000703700000| Untracked 
|   6|0x0000000703800000, 0x0000000703900000, 0x0000000703900000|100%| O|  |TAMS 0x0000000703900000, 0x0000000703800000| Untracked 
|   7|0x0000000703900000, 0x0000000703a00000, 0x0000000703a00000|100%| O|  |TAMS 0x0000000703a00000, 0x0000000703900000| Untracked 
|   8|0x0000000703a00000, 0x0000000703b00000, 0x0000000703b00000|100%| O|  |TAMS 0x0000000703b00000, 0x0000000703a00000| Untracked 
|   9|0x0000000703b00000, 0x0000000703c00000, 0x0000000703c00000|100%| O|  |TAMS 0x0000000703c00000, 0x0000000703b00000| Untracked 
|  10|0x0000000703c00000, 0x0000000703d00000, 0x0000000703d00000|100%| O|  |TAMS 0x0000000703d00000, 0x0000000703c00000| Untracked 
|  11|0x0000000703d00000, 0x0000000703e00000, 0x0000000703e00000|100%| O|  |TAMS 0x0000000703e00000, 0x0000000703d00000| Untracked 
|  12|0x0000000703e00000, 0x0000000703f00000, 0x0000000703f00000|100%|HS|  |TAMS 0x0000000703e00000, 0x0000000703e00000| Complete 
|  13|0x0000000703f00000, 0x0000000704000000, 0x0000000704000000|100%| O|  |TAMS 0x0000000704000000, 0x0000000703f00000| Untracked 
|  14|0x0000000704000000, 0x0000000704100000, 0x0000000704100000|100%| O|  |TAMS 0x0000000704100000, 0x0000000704000000| Untracked 
|  15|0x0000000704100000, 0x0000000704200000, 0x0000000704200000|100%| O|  |TAMS 0x0000000704200000, 0x0000000704100000| Untracked 
|  16|0x0000000704200000, 0x0000000704300000, 0x0000000704300000|100%| O|  |TAMS 0x0000000704300000, 0x0000000704200000| Untracked 
|  17|0x0000000704300000, 0x0000000704400000, 0x0000000704400000|100%| O|  |TAMS 0x0000000704400000, 0x0000000704300000| Untracked 
|  18|0x0000000704400000, 0x0000000704500000, 0x0000000704500000|100%| O|  |TAMS 0x0000000704500000, 0x0000000704400000| Untracked 
|  19|0x0000000704500000, 0x0000000704600000, 0x0000000704600000|100%| O|  |TAMS 0x0000000704600000, 0x0000000704500000| Untracked 
|  20|0x0000000704600000, 0x0000000704700000, 0x0000000704700000|100%| O|  |TAMS 0x0000000704700000, 0x0000000704600000| Untracked 
|  21|0x0000000704700000, 0x0000000704800000, 0x0000000704800000|100%| O|  |TAMS 0x0000000704800000, 0x0000000704700000| Untracked 
|  22|0x0000000704800000, 0x0000000704900000, 0x0000000704900000|100%| O|  |TAMS 0x0000000704900000, 0x0000000704800000| Untracked 
|  23|0x0000000704900000, 0x0000000704a00000, 0x0000000704a00000|100%| O|  |TAMS 0x0000000704a00000, 0x0000000704900000| Untracked 
|  24|0x0000000704a00000, 0x0000000704b00000, 0x0000000704b00000|100%| O|  |TAMS 0x0000000704a78600, 0x0000000704a00000| Untracked 
|  25|0x0000000704b00000, 0x0000000704c00000, 0x0000000704c00000|100%| O|  |TAMS 0x0000000704b00000, 0x0000000704b00000| Untracked 
|  26|0x0000000704c00000, 0x0000000704d00000, 0x0000000704d00000|100%| O|  |TAMS 0x0000000704c00000, 0x0000000704c00000| Untracked 
|  27|0x0000000704d00000, 0x0000000704e00000, 0x0000000704e00000|100%| O|  |TAMS 0x0000000704d00000, 0x0000000704d00000| Untracked 
|  28|0x0000000704e00000, 0x0000000704f00000, 0x0000000704f00000|100%| O|  |TAMS 0x0000000704e00000, 0x0000000704e00000| Untracked 
|  29|0x0000000704f00000, 0x0000000705000000, 0x0000000705000000|100%| O|  |TAMS 0x0000000704f00000, 0x0000000704f00000| Untracked 
|  30|0x0000000705000000, 0x0000000705100000, 0x0000000705100000|100%| O|  |TAMS 0x0000000705000000, 0x0000000705000000| Untracked 
|  31|0x0000000705100000, 0x0000000705200000, 0x0000000705200000|100%| O|  |TAMS 0x0000000705100000, 0x0000000705100000| Untracked 
|  32|0x0000000705200000, 0x0000000705300000, 0x0000000705300000|100%| O|  |TAMS 0x0000000705200000, 0x0000000705200000| Untracked 
|  33|0x0000000705300000, 0x0000000705400000, 0x0000000705400000|100%| O|  |TAMS 0x0000000705300000, 0x0000000705300000| Untracked 
|  34|0x0000000705400000, 0x0000000705500000, 0x0000000705500000|100%| O|  |TAMS 0x0000000705400000, 0x0000000705400000| Untracked 
|  35|0x0000000705500000, 0x00000007055b9e00, 0x0000000705600000| 72%| O|  |TAMS 0x0000000705500000, 0x0000000705500000| Untracked 
|  36|0x0000000705600000, 0x0000000705700000, 0x0000000705700000|100%|HS|  |TAMS 0x0000000705600000, 0x0000000705600000| Complete 
|  37|0x0000000705700000, 0x0000000705800000, 0x0000000705800000|100%|HS|  |TAMS 0x0000000705700000, 0x0000000705700000| Complete 
|  38|0x0000000705800000, 0x0000000705800000, 0x0000000705900000|  0%| F|  |TAMS 0x0000000705800000, 0x0000000705800000| Untracked 
|  39|0x0000000705900000, 0x0000000705900000, 0x0000000705a00000|  0%| F|  |TAMS 0x0000000705900000, 0x0000000705900000| Untracked 
|  40|0x0000000705a00000, 0x0000000705a00000, 0x0000000705b00000|  0%| F|  |TAMS 0x0000000705a00000, 0x0000000705a00000| Untracked 
|  41|0x0000000705b00000, 0x0000000705b00000, 0x0000000705c00000|  0%| F|  |TAMS 0x0000000705b00000, 0x0000000705b00000| Untracked 
|  42|0x0000000705c00000, 0x0000000705c00000, 0x0000000705d00000|  0%| F|  |TAMS 0x0000000705c00000, 0x0000000705c00000| Untracked 
|  43|0x0000000705d00000, 0x0000000705d00000, 0x0000000705e00000|  0%| F|  |TAMS 0x0000000705d00000, 0x0000000705d00000| Untracked 
|  44|0x0000000705e00000, 0x0000000705e00000, 0x0000000705f00000|  0%| F|  |TAMS 0x0000000705e00000, 0x0000000705e00000| Untracked 
|  45|0x0000000705f00000, 0x0000000705f00000, 0x0000000706000000|  0%| F|  |TAMS 0x0000000705f00000, 0x0000000705f00000| Untracked 
|  46|0x0000000706000000, 0x0000000706000000, 0x0000000706100000|  0%| F|  |TAMS 0x0000000706000000, 0x0000000706000000| Untracked 
|  47|0x0000000706100000, 0x0000000706100000, 0x0000000706200000|  0%| F|  |TAMS 0x0000000706100000, 0x0000000706100000| Untracked 
|  48|0x0000000706200000, 0x0000000706200000, 0x0000000706300000|  0%| F|  |TAMS 0x0000000706200000, 0x0000000706200000| Untracked 
|  49|0x0000000706300000, 0x0000000706300000, 0x0000000706400000|  0%| F|  |TAMS 0x0000000706300000, 0x0000000706300000| Untracked 
|  50|0x0000000706400000, 0x0000000706400000, 0x0000000706500000|  0%| F|  |TAMS 0x0000000706400000, 0x0000000706400000| Untracked 
|  51|0x0000000706500000, 0x0000000706500000, 0x0000000706600000|  0%| F|  |TAMS 0x0000000706500000, 0x0000000706500000| Untracked 
|  52|0x0000000706600000, 0x0000000706600000, 0x0000000706700000|  0%| F|  |TAMS 0x0000000706600000, 0x0000000706600000| Untracked 
|  53|0x0000000706700000, 0x0000000706700000, 0x0000000706800000|  0%| F|  |TAMS 0x0000000706700000, 0x0000000706700000| Untracked 
|  54|0x0000000706800000, 0x0000000706800000, 0x0000000706900000|  0%| F|  |TAMS 0x0000000706800000, 0x0000000706800000| Untracked 
|  55|0x0000000706900000, 0x0000000706900000, 0x0000000706a00000|  0%| F|  |TAMS 0x0000000706900000, 0x0000000706900000| Untracked 
|  56|0x0000000706a00000, 0x0000000706a00000, 0x0000000706b00000|  0%| F|  |TAMS 0x0000000706a00000, 0x0000000706a00000| Untracked 
|  57|0x0000000706b00000, 0x0000000706b00000, 0x0000000706c00000|  0%| F|  |TAMS 0x0000000706b00000, 0x0000000706b00000| Untracked 
|  58|0x0000000706c00000, 0x0000000706c00000, 0x0000000706d00000|  0%| F|  |TAMS 0x0000000706c00000, 0x0000000706c00000| Untracked 
|  59|0x0000000706d00000, 0x0000000706d00000, 0x0000000706e00000|  0%| F|  |TAMS 0x0000000706d00000, 0x0000000706d00000| Untracked 
|  60|0x0000000706e00000, 0x0000000706e00000, 0x0000000706f00000|  0%| F|  |TAMS 0x0000000706e00000, 0x0000000706e00000| Untracked 
|  61|0x0000000706f00000, 0x0000000706f00000, 0x0000000707000000|  0%| F|  |TAMS 0x0000000706f00000, 0x0000000706f00000| Untracked 
|  62|0x0000000707000000, 0x0000000707000000, 0x0000000707100000|  0%| F|  |TAMS 0x0000000707000000, 0x0000000707000000| Untracked 
|  63|0x0000000707100000, 0x0000000707100000, 0x0000000707200000|  0%| F|  |TAMS 0x0000000707100000, 0x0000000707100000| Untracked 
|  64|0x0000000707200000, 0x0000000707200000, 0x0000000707300000|  0%| F|  |TAMS 0x0000000707200000, 0x0000000707200000| Untracked 
|  65|0x0000000707300000, 0x0000000707300000, 0x0000000707400000|  0%| F|  |TAMS 0x0000000707300000, 0x0000000707300000| Untracked 
|  66|0x0000000707400000, 0x0000000707400000, 0x0000000707500000|  0%| F|  |TAMS 0x0000000707400000, 0x0000000707400000| Untracked 
|  67|0x0000000707500000, 0x0000000707500000, 0x0000000707600000|  0%| F|  |TAMS 0x0000000707500000, 0x0000000707500000| Untracked 
|  68|0x0000000707600000, 0x0000000707600000, 0x0000000707700000|  0%| F|  |TAMS 0x0000000707600000, 0x0000000707600000| Untracked 
|  69|0x0000000707700000, 0x0000000707700000, 0x0000000707800000|  0%| F|  |TAMS 0x0000000707700000, 0x0000000707700000| Untracked 
|  70|0x0000000707800000, 0x0000000707800000, 0x0000000707900000|  0%| F|  |TAMS 0x0000000707800000, 0x0000000707800000| Untracked 
|  71|0x0000000707900000, 0x0000000707900000, 0x0000000707a00000|  0%| F|  |TAMS 0x0000000707900000, 0x0000000707900000| Untracked 
|  72|0x0000000707a00000, 0x0000000707a00000, 0x0000000707b00000|  0%| F|  |TAMS 0x0000000707a00000, 0x0000000707a00000| Untracked 
|  73|0x0000000707b00000, 0x0000000707b00000, 0x0000000707c00000|  0%| F|  |TAMS 0x0000000707b00000, 0x0000000707b00000| Untracked 
|  74|0x0000000707c00000, 0x0000000707c00000, 0x0000000707d00000|  0%| F|  |TAMS 0x0000000707c00000, 0x0000000707c00000| Untracked 
|  75|0x0000000707d00000, 0x0000000707d00000, 0x0000000707e00000|  0%| F|  |TAMS 0x0000000707d00000, 0x0000000707d00000| Untracked 
|  76|0x0000000707e00000, 0x0000000707e00000, 0x0000000707f00000|  0%| F|  |TAMS 0x0000000707e00000, 0x0000000707e00000| Untracked 
|  77|0x0000000707f00000, 0x0000000707f00000, 0x0000000708000000|  0%| F|  |TAMS 0x0000000707f00000, 0x0000000707f00000| Untracked 
|  78|0x0000000708000000, 0x0000000708000000, 0x0000000708100000|  0%| F|  |TAMS 0x0000000708000000, 0x0000000708000000| Untracked 
|  79|0x0000000708100000, 0x0000000708100000, 0x0000000708200000|  0%| F|  |TAMS 0x0000000708100000, 0x0000000708100000| Untracked 
|  80|0x0000000708200000, 0x0000000708200000, 0x0000000708300000|  0%| F|  |TAMS 0x0000000708200000, 0x0000000708200000| Untracked 
|  81|0x0000000708300000, 0x0000000708300000, 0x0000000708400000|  0%| F|  |TAMS 0x0000000708300000, 0x0000000708300000| Untracked 
|  82|0x0000000708400000, 0x0000000708400000, 0x0000000708500000|  0%| F|  |TAMS 0x0000000708400000, 0x0000000708400000| Untracked 
|  83|0x0000000708500000, 0x0000000708500000, 0x0000000708600000|  0%| F|  |TAMS 0x0000000708500000, 0x0000000708500000| Untracked 
|  84|0x0000000708600000, 0x0000000708600000, 0x0000000708700000|  0%| F|  |TAMS 0x0000000708600000, 0x0000000708600000| Untracked 
|  85|0x0000000708700000, 0x0000000708700000, 0x0000000708800000|  0%| F|  |TAMS 0x0000000708700000, 0x0000000708700000| Untracked 
|  86|0x0000000708800000, 0x0000000708800000, 0x0000000708900000|  0%| F|  |TAMS 0x0000000708800000, 0x0000000708800000| Untracked 
|  87|0x0000000708900000, 0x0000000708900000, 0x0000000708a00000|  0%| F|  |TAMS 0x0000000708900000, 0x0000000708900000| Untracked 
|  88|0x0000000708a00000, 0x0000000708a00000, 0x0000000708b00000|  0%| F|  |TAMS 0x0000000708a00000, 0x0000000708a00000| Untracked 
|  89|0x0000000708b00000, 0x0000000708b00000, 0x0000000708c00000|  0%| F|  |TAMS 0x0000000708b00000, 0x0000000708b00000| Untracked 
|  90|0x0000000708c00000, 0x0000000708c00000, 0x0000000708d00000|  0%| F|  |TAMS 0x0000000708c00000, 0x0000000708c00000| Untracked 
|  91|0x0000000708d00000, 0x0000000708d00000, 0x0000000708e00000|  0%| F|  |TAMS 0x0000000708d00000, 0x0000000708d00000| Untracked 
|  92|0x0000000708e00000, 0x0000000708e00000, 0x0000000708f00000|  0%| F|  |TAMS 0x0000000708e00000, 0x0000000708e00000| Untracked 
|  93|0x0000000708f00000, 0x0000000708f00000, 0x0000000709000000|  0%| F|  |TAMS 0x0000000708f00000, 0x0000000708f00000| Untracked 
|  94|0x0000000709000000, 0x0000000709000000, 0x0000000709100000|  0%| F|  |TAMS 0x0000000709000000, 0x0000000709000000| Untracked 
|  95|0x0000000709100000, 0x0000000709100000, 0x0000000709200000|  0%| F|  |TAMS 0x0000000709100000, 0x0000000709100000| Untracked 
|  96|0x0000000709200000, 0x0000000709200000, 0x0000000709300000|  0%| F|  |TAMS 0x0000000709200000, 0x0000000709200000| Untracked 
|  97|0x0000000709300000, 0x0000000709300000, 0x0000000709400000|  0%| F|  |TAMS 0x0000000709300000, 0x0000000709300000| Untracked 
|  98|0x0000000709400000, 0x0000000709400000, 0x0000000709500000|  0%| F|  |TAMS 0x0000000709400000, 0x0000000709400000| Untracked 
|  99|0x0000000709500000, 0x0000000709500000, 0x0000000709600000|  0%| F|  |TAMS 0x0000000709500000, 0x0000000709500000| Untracked 
| 100|0x0000000709600000, 0x0000000709600000, 0x0000000709700000|  0%| F|  |TAMS 0x0000000709600000, 0x0000000709600000| Untracked 
| 101|0x0000000709700000, 0x0000000709700000, 0x0000000709800000|  0%| F|  |TAMS 0x0000000709700000, 0x0000000709700000| Untracked 
| 102|0x0000000709800000, 0x0000000709800000, 0x0000000709900000|  0%| F|  |TAMS 0x0000000709800000, 0x0000000709800000| Untracked 
| 103|0x0000000709900000, 0x0000000709900000, 0x0000000709a00000|  0%| F|  |TAMS 0x0000000709900000, 0x0000000709900000| Untracked 
| 104|0x0000000709a00000, 0x0000000709a00000, 0x0000000709b00000|  0%| F|  |TAMS 0x0000000709a00000, 0x0000000709a00000| Untracked 
| 105|0x0000000709b00000, 0x0000000709b00000, 0x0000000709c00000|  0%| F|  |TAMS 0x0000000709b00000, 0x0000000709b00000| Untracked 
| 106|0x0000000709c00000, 0x0000000709c00000, 0x0000000709d00000|  0%| F|  |TAMS 0x0000000709c00000, 0x0000000709c00000| Untracked 
| 107|0x0000000709d00000, 0x0000000709d00000, 0x0000000709e00000|  0%| F|  |TAMS 0x0000000709d00000, 0x0000000709d00000| Untracked 
| 108|0x0000000709e00000, 0x0000000709e00000, 0x0000000709f00000|  0%| F|  |TAMS 0x0000000709e00000, 0x0000000709e00000| Untracked 
| 109|0x0000000709f00000, 0x0000000709f00000, 0x000000070a000000|  0%| F|  |TAMS 0x0000000709f00000, 0x0000000709f00000| Untracked 
| 110|0x000000070a000000, 0x000000070a000000, 0x000000070a100000|  0%| F|  |TAMS 0x000000070a000000, 0x000000070a000000| Untracked 
| 111|0x000000070a100000, 0x000000070a100000, 0x000000070a200000|  0%| F|  |TAMS 0x000000070a100000, 0x000000070a100000| Untracked 
| 112|0x000000070a200000, 0x000000070a200000, 0x000000070a300000|  0%| F|  |TAMS 0x000000070a200000, 0x000000070a200000| Untracked 
| 113|0x000000070a300000, 0x000000070a300000, 0x000000070a400000|  0%| F|  |TAMS 0x000000070a300000, 0x000000070a300000| Untracked 
| 114|0x000000070a400000, 0x000000070a400000, 0x000000070a500000|  0%| F|  |TAMS 0x000000070a400000, 0x000000070a400000| Untracked 
| 115|0x000000070a500000, 0x000000070a500000, 0x000000070a600000|  0%| F|  |TAMS 0x000000070a500000, 0x000000070a500000| Untracked 
| 116|0x000000070a600000, 0x000000070a600000, 0x000000070a700000|  0%| F|  |TAMS 0x000000070a600000, 0x000000070a600000| Untracked 
| 117|0x000000070a700000, 0x000000070a700000, 0x000000070a800000|  0%| F|  |TAMS 0x000000070a700000, 0x000000070a700000| Untracked 
| 118|0x000000070a800000, 0x000000070a800000, 0x000000070a900000|  0%| F|  |TAMS 0x000000070a800000, 0x000000070a800000| Untracked 
| 119|0x000000070a900000, 0x000000070a900000, 0x000000070aa00000|  0%| F|  |TAMS 0x000000070a900000, 0x000000070a900000| Untracked 
| 120|0x000000070aa00000, 0x000000070aa00000, 0x000000070ab00000|  0%| F|  |TAMS 0x000000070aa00000, 0x000000070aa00000| Untracked 
| 121|0x000000070ab00000, 0x000000070ab00000, 0x000000070ac00000|  0%| F|  |TAMS 0x000000070ab00000, 0x000000070ab00000| Untracked 
| 122|0x000000070ac00000, 0x000000070ac00000, 0x000000070ad00000|  0%| F|  |TAMS 0x000000070ac00000, 0x000000070ac00000| Untracked 
| 123|0x000000070ad00000, 0x000000070ad00000, 0x000000070ae00000|  0%| F|  |TAMS 0x000000070ad00000, 0x000000070ad00000| Untracked 
| 124|0x000000070ae00000, 0x000000070ae00000, 0x000000070af00000|  0%| F|  |TAMS 0x000000070ae00000, 0x000000070ae00000| Untracked 
| 125|0x000000070af00000, 0x000000070af00000, 0x000000070b000000|  0%| F|  |TAMS 0x000000070af00000, 0x000000070af00000| Untracked 
| 126|0x000000070b000000, 0x000000070b000000, 0x000000070b100000|  0%| F|  |TAMS 0x000000070b000000, 0x000000070b000000| Untracked 
| 127|0x000000070b100000, 0x000000070b100000, 0x000000070b200000|  0%| F|  |TAMS 0x000000070b100000, 0x000000070b100000| Untracked 
| 128|0x000000070b200000, 0x000000070b200000, 0x000000070b300000|  0%| F|  |TAMS 0x000000070b200000, 0x000000070b200000| Untracked 
| 129|0x000000070b300000, 0x000000070b300000, 0x000000070b400000|  0%| F|  |TAMS 0x000000070b300000, 0x000000070b300000| Untracked 
| 130|0x000000070b400000, 0x000000070b400000, 0x000000070b500000|  0%| F|  |TAMS 0x000000070b400000, 0x000000070b400000| Untracked 
| 131|0x000000070b500000, 0x000000070b500000, 0x000000070b600000|  0%| F|  |TAMS 0x000000070b500000, 0x000000070b500000| Untracked 
| 132|0x000000070b600000, 0x000000070b600000, 0x000000070b700000|  0%| F|  |TAMS 0x000000070b600000, 0x000000070b600000| Untracked 
| 133|0x000000070b700000, 0x000000070b700000, 0x000000070b800000|  0%| F|  |TAMS 0x000000070b700000, 0x000000070b700000| Untracked 
| 134|0x000000070b800000, 0x000000070b800000, 0x000000070b900000|  0%| F|  |TAMS 0x000000070b800000, 0x000000070b800000| Untracked 
| 135|0x000000070b900000, 0x000000070b900000, 0x000000070ba00000|  0%| F|  |TAMS 0x000000070b900000, 0x000000070b900000| Untracked 
| 136|0x000000070ba00000, 0x000000070ba00000, 0x000000070bb00000|  0%| F|  |TAMS 0x000000070ba00000, 0x000000070ba00000| Untracked 
| 137|0x000000070bb00000, 0x000000070bb00000, 0x000000070bc00000|  0%| F|  |TAMS 0x000000070bb00000, 0x000000070bb00000| Untracked 
| 138|0x000000070bc00000, 0x000000070bc00000, 0x000000070bd00000|  0%| F|  |TAMS 0x000000070bc00000, 0x000000070bc00000| Untracked 
| 139|0x000000070bd00000, 0x000000070bd00000, 0x000000070be00000|  0%| F|  |TAMS 0x000000070bd00000, 0x000000070bd00000| Untracked 
| 140|0x000000070be00000, 0x000000070be00000, 0x000000070bf00000|  0%| F|  |TAMS 0x000000070be00000, 0x000000070be00000| Untracked 
| 141|0x000000070bf00000, 0x000000070bf00000, 0x000000070c000000|  0%| F|  |TAMS 0x000000070bf00000, 0x000000070bf00000| Untracked 
| 142|0x000000070c000000, 0x000000070c000000, 0x000000070c100000|  0%| F|  |TAMS 0x000000070c000000, 0x000000070c000000| Untracked 
| 143|0x000000070c100000, 0x000000070c100000, 0x000000070c200000|  0%| F|  |TAMS 0x000000070c100000, 0x000000070c100000| Untracked 
| 144|0x000000070c200000, 0x000000070c200000, 0x000000070c300000|  0%| F|  |TAMS 0x000000070c200000, 0x000000070c200000| Untracked 
| 145|0x000000070c300000, 0x000000070c300000, 0x000000070c400000|  0%| F|  |TAMS 0x000000070c300000, 0x000000070c300000| Untracked 
| 146|0x000000070c400000, 0x000000070c400000, 0x000000070c500000|  0%| F|  |TAMS 0x000000070c400000, 0x000000070c400000| Untracked 
| 147|0x000000070c500000, 0x000000070c500000, 0x000000070c600000|  0%| F|  |TAMS 0x000000070c500000, 0x000000070c500000| Untracked 
| 148|0x000000070c600000, 0x000000070c600000, 0x000000070c700000|  0%| F|  |TAMS 0x000000070c600000, 0x000000070c600000| Untracked 
| 149|0x000000070c700000, 0x000000070c700000, 0x000000070c800000|  0%| F|  |TAMS 0x000000070c700000, 0x000000070c700000| Untracked 
| 150|0x000000070c800000, 0x000000070c800000, 0x000000070c900000|  0%| F|  |TAMS 0x000000070c800000, 0x000000070c800000| Untracked 
| 151|0x000000070c900000, 0x000000070c900000, 0x000000070ca00000|  0%| F|  |TAMS 0x000000070c900000, 0x000000070c900000| Untracked 
| 152|0x000000070ca00000, 0x000000070ca00000, 0x000000070cb00000|  0%| F|  |TAMS 0x000000070ca00000, 0x000000070ca00000| Untracked 
| 153|0x000000070cb00000, 0x000000070cb00000, 0x000000070cc00000|  0%| F|  |TAMS 0x000000070cb00000, 0x000000070cb00000| Untracked 
| 154|0x000000070cc00000, 0x000000070cc00000, 0x000000070cd00000|  0%| F|  |TAMS 0x000000070cc00000, 0x000000070cc00000| Untracked 
| 155|0x000000070cd00000, 0x000000070cd00000, 0x000000070ce00000|  0%| F|  |TAMS 0x000000070cd00000, 0x000000070cd00000| Untracked 
| 156|0x000000070ce00000, 0x000000070ce00000, 0x000000070cf00000|  0%| F|  |TAMS 0x000000070ce00000, 0x000000070ce00000| Untracked 
| 157|0x000000070cf00000, 0x000000070cf00000, 0x000000070d000000|  0%| F|  |TAMS 0x000000070cf00000, 0x000000070cf00000| Untracked 
| 158|0x000000070d000000, 0x000000070d000000, 0x000000070d100000|  0%| F|  |TAMS 0x000000070d000000, 0x000000070d000000| Untracked 
| 159|0x000000070d100000, 0x000000070d100000, 0x000000070d200000|  0%| F|  |TAMS 0x000000070d100000, 0x000000070d100000| Untracked 
| 160|0x000000070d200000, 0x000000070d200000, 0x000000070d300000|  0%| F|  |TAMS 0x000000070d200000, 0x000000070d200000| Untracked 
| 161|0x000000070d300000, 0x000000070d300000, 0x000000070d400000|  0%| F|  |TAMS 0x000000070d300000, 0x000000070d300000| Untracked 
| 162|0x000000070d400000, 0x000000070d400000, 0x000000070d500000|  0%| F|  |TAMS 0x000000070d400000, 0x000000070d400000| Untracked 
| 163|0x000000070d500000, 0x000000070d531b00, 0x000000070d600000| 19%| S|CS|TAMS 0x000000070d500000, 0x000000070d500000| Complete 
| 164|0x000000070d600000, 0x000000070d700000, 0x000000070d700000|100%| S|CS|TAMS 0x000000070d600000, 0x000000070d600000| Complete 
| 165|0x000000070d700000, 0x000000070d800000, 0x000000070d800000|100%| S|CS|TAMS 0x000000070d700000, 0x000000070d700000| Complete 
| 166|0x000000070d800000, 0x000000070d900000, 0x000000070d900000|100%| S|CS|TAMS 0x000000070d800000, 0x000000070d800000| Complete 
| 167|0x000000070d900000, 0x000000070da00000, 0x000000070da00000|100%| S|CS|TAMS 0x000000070d900000, 0x000000070d900000| Complete 
| 168|0x000000070da00000, 0x000000070db00000, 0x000000070db00000|100%| S|CS|TAMS 0x000000070da00000, 0x000000070da00000| Complete 
| 169|0x000000070db00000, 0x000000070dc00000, 0x000000070dc00000|100%| S|CS|TAMS 0x000000070db00000, 0x000000070db00000| Complete 
| 170|0x000000070dc00000, 0x000000070dd00000, 0x000000070dd00000|100%| S|CS|TAMS 0x000000070dc00000, 0x000000070dc00000| Complete 
| 171|0x000000070dd00000, 0x000000070de00000, 0x000000070de00000|100%| S|CS|TAMS 0x000000070dd00000, 0x000000070dd00000| Complete 
| 172|0x000000070de00000, 0x000000070df00000, 0x000000070df00000|100%| S|CS|TAMS 0x000000070de00000, 0x000000070de00000| Complete 
| 173|0x000000070df00000, 0x000000070e000000, 0x000000070e000000|100%| S|CS|TAMS 0x000000070df00000, 0x000000070df00000| Complete 
| 174|0x000000070e000000, 0x000000070e100000, 0x000000070e100000|100%| S|CS|TAMS 0x000000070e000000, 0x000000070e000000| Complete 
| 175|0x000000070e100000, 0x000000070e200000, 0x000000070e200000|100%| S|CS|TAMS 0x000000070e100000, 0x000000070e100000| Complete 
| 176|0x000000070e200000, 0x000000070e300000, 0x000000070e300000|100%| S|CS|TAMS 0x000000070e200000, 0x000000070e200000| Complete 
| 177|0x000000070e300000, 0x000000070e400000, 0x000000070e400000|100%| S|CS|TAMS 0x000000070e300000, 0x000000070e300000| Complete 
| 178|0x000000070e400000, 0x000000070e400000, 0x000000070e500000|  0%| F|  |TAMS 0x000000070e400000, 0x000000070e400000| Untracked 
| 179|0x000000070e500000, 0x000000070e500000, 0x000000070e600000|  0%| F|  |TAMS 0x000000070e500000, 0x000000070e500000| Untracked 
| 180|0x000000070e600000, 0x000000070e600000, 0x000000070e700000|  0%| F|  |TAMS 0x000000070e600000, 0x000000070e600000| Untracked 
| 181|0x000000070e700000, 0x000000070e700000, 0x000000070e800000|  0%| F|  |TAMS 0x000000070e700000, 0x000000070e700000| Untracked 
| 182|0x000000070e800000, 0x000000070e800000, 0x000000070e900000|  0%| F|  |TAMS 0x000000070e800000, 0x000000070e800000| Untracked 
| 183|0x000000070e900000, 0x000000070e900000, 0x000000070ea00000|  0%| F|  |TAMS 0x000000070e900000, 0x000000070e900000| Untracked 
| 184|0x000000070ea00000, 0x000000070ea00000, 0x000000070eb00000|  0%| F|  |TAMS 0x000000070ea00000, 0x000000070ea00000| Untracked 
| 185|0x000000070eb00000, 0x000000070eb00000, 0x000000070ec00000|  0%| F|  |TAMS 0x000000070eb00000, 0x000000070eb00000| Untracked 
| 186|0x000000070ec00000, 0x000000070ec00000, 0x000000070ed00000|  0%| F|  |TAMS 0x000000070ec00000, 0x000000070ec00000| Untracked 
| 187|0x000000070ed00000, 0x000000070ed00000, 0x000000070ee00000|  0%| F|  |TAMS 0x000000070ed00000, 0x000000070ed00000| Untracked 
| 188|0x000000070ee00000, 0x000000070ee00000, 0x000000070ef00000|  0%| F|  |TAMS 0x000000070ee00000, 0x000000070ee00000| Untracked 
| 189|0x000000070ef00000, 0x000000070ef00000, 0x000000070f000000|  0%| F|  |TAMS 0x000000070ef00000, 0x000000070ef00000| Untracked 
| 190|0x000000070f000000, 0x000000070f000000, 0x000000070f100000|  0%| F|  |TAMS 0x000000070f000000, 0x000000070f000000| Untracked 
| 191|0x000000070f100000, 0x000000070f100000, 0x000000070f200000|  0%| F|  |TAMS 0x000000070f100000, 0x000000070f100000| Untracked 
| 192|0x000000070f200000, 0x000000070f200000, 0x000000070f300000|  0%| F|  |TAMS 0x000000070f200000, 0x000000070f200000| Untracked 
| 193|0x000000070f300000, 0x000000070f300000, 0x000000070f400000|  0%| F|  |TAMS 0x000000070f300000, 0x000000070f300000| Untracked 
| 194|0x000000070f400000, 0x000000070f400000, 0x000000070f500000|  0%| F|  |TAMS 0x000000070f400000, 0x000000070f400000| Untracked 
| 195|0x000000070f500000, 0x000000070f500000, 0x000000070f600000|  0%| F|  |TAMS 0x000000070f500000, 0x000000070f500000| Untracked 
| 196|0x000000070f600000, 0x000000070f600000, 0x000000070f700000|  0%| F|  |TAMS 0x000000070f600000, 0x000000070f600000| Untracked 
| 197|0x000000070f700000, 0x000000070f700000, 0x000000070f800000|  0%| F|  |TAMS 0x000000070f700000, 0x000000070f700000| Untracked 
| 198|0x000000070f800000, 0x000000070f800000, 0x000000070f900000|  0%| F|  |TAMS 0x000000070f800000, 0x000000070f800000| Untracked 
| 199|0x000000070f900000, 0x000000070f900000, 0x000000070fa00000|  0%| F|  |TAMS 0x000000070f900000, 0x000000070f900000| Untracked 
| 200|0x000000070fa00000, 0x000000070fa00000, 0x000000070fb00000|  0%| F|  |TAMS 0x000000070fa00000, 0x000000070fa00000| Untracked 
| 201|0x000000070fb00000, 0x000000070fb00000, 0x000000070fc00000|  0%| F|  |TAMS 0x000000070fb00000, 0x000000070fb00000| Untracked 
| 202|0x000000070fc00000, 0x000000070fc00000, 0x000000070fd00000|  0%| F|  |TAMS 0x000000070fc00000, 0x000000070fc00000| Untracked 
| 203|0x000000070fd00000, 0x000000070fd00000, 0x000000070fe00000|  0%| F|  |TAMS 0x000000070fd00000, 0x000000070fd00000| Untracked 
| 204|0x000000070fe00000, 0x000000070fe00000, 0x000000070ff00000|  0%| F|  |TAMS 0x000000070fe00000, 0x000000070fe00000| Untracked 
| 205|0x000000070ff00000, 0x000000070ff00000, 0x0000000710000000|  0%| F|  |TAMS 0x000000070ff00000, 0x000000070ff00000| Untracked 
| 206|0x0000000710000000, 0x0000000710000000, 0x0000000710100000|  0%| F|  |TAMS 0x0000000710000000, 0x0000000710000000| Untracked 
| 207|0x0000000710100000, 0x0000000710100000, 0x0000000710200000|  0%| F|  |TAMS 0x0000000710100000, 0x0000000710100000| Untracked 
| 208|0x0000000710200000, 0x0000000710200000, 0x0000000710300000|  0%| F|  |TAMS 0x0000000710200000, 0x0000000710200000| Untracked 
| 209|0x0000000710300000, 0x0000000710400000, 0x0000000710400000|100%| E|  |TAMS 0x0000000710300000, 0x0000000710300000| Complete 
| 210|0x0000000710400000, 0x0000000710500000, 0x0000000710500000|100%| E|CS|TAMS 0x0000000710400000, 0x0000000710400000| Complete 
| 211|0x0000000710500000, 0x0000000710600000, 0x0000000710600000|100%| E|CS|TAMS 0x0000000710500000, 0x0000000710500000| Complete 
| 212|0x0000000710600000, 0x0000000710700000, 0x0000000710700000|100%| E|CS|TAMS 0x0000000710600000, 0x0000000710600000| Complete 
| 213|0x0000000710700000, 0x0000000710800000, 0x0000000710800000|100%| E|CS|TAMS 0x0000000710700000, 0x0000000710700000| Complete 
| 214|0x0000000710800000, 0x0000000710900000, 0x0000000710900000|100%| E|CS|TAMS 0x0000000710800000, 0x0000000710800000| Complete 
| 215|0x0000000710900000, 0x0000000710a00000, 0x0000000710a00000|100%| E|CS|TAMS 0x0000000710900000, 0x0000000710900000| Complete 
| 216|0x0000000710a00000, 0x0000000710b00000, 0x0000000710b00000|100%| E|CS|TAMS 0x0000000710a00000, 0x0000000710a00000| Complete 
| 217|0x0000000710b00000, 0x0000000710c00000, 0x0000000710c00000|100%| E|CS|TAMS 0x0000000710b00000, 0x0000000710b00000| Complete 
| 218|0x0000000710c00000, 0x0000000710d00000, 0x0000000710d00000|100%| E|CS|TAMS 0x0000000710c00000, 0x0000000710c00000| Complete 
| 219|0x0000000710d00000, 0x0000000710e00000, 0x0000000710e00000|100%| E|CS|TAMS 0x0000000710d00000, 0x0000000710d00000| Complete 
| 220|0x0000000710e00000, 0x0000000710f00000, 0x0000000710f00000|100%| E|CS|TAMS 0x0000000710e00000, 0x0000000710e00000| Complete 
| 221|0x0000000710f00000, 0x0000000711000000, 0x0000000711000000|100%| E|CS|TAMS 0x0000000710f00000, 0x0000000710f00000| Complete 
| 222|0x0000000711000000, 0x0000000711100000, 0x0000000711100000|100%| E|CS|TAMS 0x0000000711000000, 0x0000000711000000| Complete 
| 223|0x0000000711100000, 0x0000000711200000, 0x0000000711200000|100%| E|CS|TAMS 0x0000000711100000, 0x0000000711100000| Complete 
| 224|0x0000000711200000, 0x0000000711300000, 0x0000000711300000|100%| E|CS|TAMS 0x0000000711200000, 0x0000000711200000| Complete 
| 225|0x0000000711300000, 0x0000000711400000, 0x0000000711400000|100%| E|CS|TAMS 0x0000000711300000, 0x0000000711300000| Complete 
| 226|0x0000000711400000, 0x0000000711500000, 0x0000000711500000|100%| E|CS|TAMS 0x0000000711400000, 0x0000000711400000| Complete 
| 227|0x0000000711500000, 0x0000000711600000, 0x0000000711600000|100%| E|CS|TAMS 0x0000000711500000, 0x0000000711500000| Complete 
| 228|0x0000000711600000, 0x0000000711700000, 0x0000000711700000|100%| E|CS|TAMS 0x0000000711600000, 0x0000000711600000| Complete 
| 229|0x0000000711700000, 0x0000000711800000, 0x0000000711800000|100%| E|CS|TAMS 0x0000000711700000, 0x0000000711700000| Complete 
| 230|0x0000000711800000, 0x0000000711900000, 0x0000000711900000|100%| E|CS|TAMS 0x0000000711800000, 0x0000000711800000| Complete 
| 231|0x0000000711900000, 0x0000000711a00000, 0x0000000711a00000|100%| E|CS|TAMS 0x0000000711900000, 0x0000000711900000| Complete 
| 232|0x0000000711a00000, 0x0000000711b00000, 0x0000000711b00000|100%| E|CS|TAMS 0x0000000711a00000, 0x0000000711a00000| Complete 
| 233|0x0000000711b00000, 0x0000000711c00000, 0x0000000711c00000|100%| E|CS|TAMS 0x0000000711b00000, 0x0000000711b00000| Complete 
| 234|0x0000000711c00000, 0x0000000711d00000, 0x0000000711d00000|100%| E|CS|TAMS 0x0000000711c00000, 0x0000000711c00000| Complete 
| 235|0x0000000711d00000, 0x0000000711e00000, 0x0000000711e00000|100%| E|CS|TAMS 0x0000000711d00000, 0x0000000711d00000| Complete 
| 236|0x0000000711e00000, 0x0000000711f00000, 0x0000000711f00000|100%| E|CS|TAMS 0x0000000711e00000, 0x0000000711e00000| Complete 
| 237|0x0000000711f00000, 0x0000000712000000, 0x0000000712000000|100%| E|CS|TAMS 0x0000000711f00000, 0x0000000711f00000| Complete 
| 238|0x0000000712000000, 0x0000000712100000, 0x0000000712100000|100%| E|CS|TAMS 0x0000000712000000, 0x0000000712000000| Complete 
| 239|0x0000000712100000, 0x0000000712200000, 0x0000000712200000|100%| E|CS|TAMS 0x0000000712100000, 0x0000000712100000| Complete 
| 240|0x0000000712200000, 0x0000000712300000, 0x0000000712300000|100%| E|CS|TAMS 0x0000000712200000, 0x0000000712200000| Complete 
| 241|0x0000000712300000, 0x0000000712400000, 0x0000000712400000|100%| E|CS|TAMS 0x0000000712300000, 0x0000000712300000| Complete 
| 242|0x0000000712400000, 0x0000000712500000, 0x0000000712500000|100%| E|CS|TAMS 0x0000000712400000, 0x0000000712400000| Complete 
| 243|0x0000000712500000, 0x0000000712600000, 0x0000000712600000|100%| E|CS|TAMS 0x0000000712500000, 0x0000000712500000| Complete 
| 244|0x0000000712600000, 0x0000000712700000, 0x0000000712700000|100%| E|CS|TAMS 0x0000000712600000, 0x0000000712600000| Complete 
| 245|0x0000000712700000, 0x0000000712800000, 0x0000000712800000|100%| E|CS|TAMS 0x0000000712700000, 0x0000000712700000| Complete 
| 246|0x0000000712800000, 0x0000000712900000, 0x0000000712900000|100%| E|CS|TAMS 0x0000000712800000, 0x0000000712800000| Complete 
| 247|0x0000000712900000, 0x0000000712a00000, 0x0000000712a00000|100%| E|CS|TAMS 0x0000000712900000, 0x0000000712900000| Complete 
| 248|0x0000000712a00000, 0x0000000712b00000, 0x0000000712b00000|100%| E|CS|TAMS 0x0000000712a00000, 0x0000000712a00000| Complete 
| 249|0x0000000712b00000, 0x0000000712c00000, 0x0000000712c00000|100%| E|CS|TAMS 0x0000000712b00000, 0x0000000712b00000| Complete 
| 250|0x0000000712c00000, 0x0000000712d00000, 0x0000000712d00000|100%| E|CS|TAMS 0x0000000712c00000, 0x0000000712c00000| Complete 
| 251|0x0000000712d00000, 0x0000000712e00000, 0x0000000712e00000|100%| E|CS|TAMS 0x0000000712d00000, 0x0000000712d00000| Complete 
| 252|0x0000000712e00000, 0x0000000712f00000, 0x0000000712f00000|100%| E|CS|TAMS 0x0000000712e00000, 0x0000000712e00000| Complete 
| 253|0x0000000712f00000, 0x0000000713000000, 0x0000000713000000|100%| E|CS|TAMS 0x0000000712f00000, 0x0000000712f00000| Complete 
| 254|0x0000000713000000, 0x0000000713100000, 0x0000000713100000|100%| E|CS|TAMS 0x0000000713000000, 0x0000000713000000| Complete 
| 255|0x0000000713100000, 0x0000000713200000, 0x0000000713200000|100%| E|CS|TAMS 0x0000000713100000, 0x0000000713100000| Complete 
| 256|0x0000000713200000, 0x0000000713300000, 0x0000000713300000|100%| E|CS|TAMS 0x0000000713200000, 0x0000000713200000| Complete 
| 257|0x0000000713300000, 0x0000000713400000, 0x0000000713400000|100%| E|CS|TAMS 0x0000000713300000, 0x0000000713300000| Complete 
| 258|0x0000000713400000, 0x0000000713500000, 0x0000000713500000|100%| E|CS|TAMS 0x0000000713400000, 0x0000000713400000| Complete 
| 259|0x0000000713500000, 0x0000000713600000, 0x0000000713600000|100%| E|CS|TAMS 0x0000000713500000, 0x0000000713500000| Complete 
| 260|0x0000000713600000, 0x0000000713700000, 0x0000000713700000|100%| E|CS|TAMS 0x0000000713600000, 0x0000000713600000| Complete 
| 261|0x0000000713700000, 0x0000000713800000, 0x0000000713800000|100%| E|CS|TAMS 0x0000000713700000, 0x0000000713700000| Complete 
| 262|0x0000000713800000, 0x0000000713900000, 0x0000000713900000|100%| E|CS|TAMS 0x0000000713800000, 0x0000000713800000| Complete 
| 263|0x0000000713900000, 0x0000000713a00000, 0x0000000713a00000|100%| E|CS|TAMS 0x0000000713900000, 0x0000000713900000| Complete 
| 264|0x0000000713a00000, 0x0000000713b00000, 0x0000000713b00000|100%| E|CS|TAMS 0x0000000713a00000, 0x0000000713a00000| Complete 
| 265|0x0000000713b00000, 0x0000000713c00000, 0x0000000713c00000|100%| E|CS|TAMS 0x0000000713b00000, 0x0000000713b00000| Complete 
| 266|0x0000000713c00000, 0x0000000713d00000, 0x0000000713d00000|100%| E|CS|TAMS 0x0000000713c00000, 0x0000000713c00000| Complete 
| 267|0x0000000713d00000, 0x0000000713e00000, 0x0000000713e00000|100%| E|CS|TAMS 0x0000000713d00000, 0x0000000713d00000| Complete 
| 268|0x0000000713e00000, 0x0000000713f00000, 0x0000000713f00000|100%| E|CS|TAMS 0x0000000713e00000, 0x0000000713e00000| Complete 
| 269|0x0000000713f00000, 0x0000000714000000, 0x0000000714000000|100%| E|CS|TAMS 0x0000000713f00000, 0x0000000713f00000| Complete 
| 270|0x0000000714000000, 0x0000000714100000, 0x0000000714100000|100%| E|CS|TAMS 0x0000000714000000, 0x0000000714000000| Complete 
| 271|0x0000000714100000, 0x0000000714200000, 0x0000000714200000|100%| E|CS|TAMS 0x0000000714100000, 0x0000000714100000| Complete 
| 272|0x0000000714200000, 0x0000000714300000, 0x0000000714300000|100%| E|CS|TAMS 0x0000000714200000, 0x0000000714200000| Complete 
| 273|0x0000000714300000, 0x0000000714400000, 0x0000000714400000|100%| E|CS|TAMS 0x0000000714300000, 0x0000000714300000| Complete 
| 274|0x0000000714400000, 0x0000000714500000, 0x0000000714500000|100%| E|CS|TAMS 0x0000000714400000, 0x0000000714400000| Complete 
| 275|0x0000000714500000, 0x0000000714600000, 0x0000000714600000|100%| E|CS|TAMS 0x0000000714500000, 0x0000000714500000| Complete 
| 276|0x0000000714600000, 0x0000000714700000, 0x0000000714700000|100%| E|CS|TAMS 0x0000000714600000, 0x0000000714600000| Complete 
| 277|0x0000000714700000, 0x0000000714800000, 0x0000000714800000|100%| E|CS|TAMS 0x0000000714700000, 0x0000000714700000| Complete 
| 278|0x0000000714800000, 0x0000000714900000, 0x0000000714900000|100%| E|CS|TAMS 0x0000000714800000, 0x0000000714800000| Complete 
| 279|0x0000000714900000, 0x0000000714a00000, 0x0000000714a00000|100%| E|CS|TAMS 0x0000000714900000, 0x0000000714900000| Complete 
| 280|0x0000000714a00000, 0x0000000714b00000, 0x0000000714b00000|100%| E|CS|TAMS 0x0000000714a00000, 0x0000000714a00000| Complete 
| 281|0x0000000714b00000, 0x0000000714c00000, 0x0000000714c00000|100%| E|CS|TAMS 0x0000000714b00000, 0x0000000714b00000| Complete 
| 282|0x0000000714c00000, 0x0000000714d00000, 0x0000000714d00000|100%| E|CS|TAMS 0x0000000714c00000, 0x0000000714c00000| Complete 
| 283|0x0000000714d00000, 0x0000000714e00000, 0x0000000714e00000|100%| E|  |TAMS 0x0000000714d00000, 0x0000000714d00000| Complete 
| 284|0x0000000714e00000, 0x0000000714f00000, 0x0000000714f00000|100%| E|CS|TAMS 0x0000000714e00000, 0x0000000714e00000| Complete 
| 285|0x0000000714f00000, 0x0000000715000000, 0x0000000715000000|100%| E|CS|TAMS 0x0000000714f00000, 0x0000000714f00000| Complete 
| 286|0x0000000715000000, 0x0000000715100000, 0x0000000715100000|100%| E|CS|TAMS 0x0000000715000000, 0x0000000715000000| Complete 
| 287|0x0000000715100000, 0x0000000715200000, 0x0000000715200000|100%| E|CS|TAMS 0x0000000715100000, 0x0000000715100000| Complete 
| 288|0x0000000715200000, 0x0000000715300000, 0x0000000715300000|100%| E|CS|TAMS 0x0000000715200000, 0x0000000715200000| Complete 
| 289|0x0000000715300000, 0x0000000715400000, 0x0000000715400000|100%| E|CS|TAMS 0x0000000715300000, 0x0000000715300000| Complete 
| 290|0x0000000715400000, 0x0000000715500000, 0x0000000715500000|100%| E|CS|TAMS 0x0000000715400000, 0x0000000715400000| Complete 
| 291|0x0000000715500000, 0x0000000715600000, 0x0000000715600000|100%| E|CS|TAMS 0x0000000715500000, 0x0000000715500000| Complete 
| 292|0x0000000715600000, 0x0000000715700000, 0x0000000715700000|100%| E|CS|TAMS 0x0000000715600000, 0x0000000715600000| Complete 
| 293|0x0000000715700000, 0x0000000715800000, 0x0000000715800000|100%| E|CS|TAMS 0x0000000715700000, 0x0000000715700000| Complete 
| 294|0x0000000715800000, 0x0000000715900000, 0x0000000715900000|100%| E|CS|TAMS 0x0000000715800000, 0x0000000715800000| Complete 
| 295|0x0000000715900000, 0x0000000715a00000, 0x0000000715a00000|100%| E|CS|TAMS 0x0000000715900000, 0x0000000715900000| Complete 
| 296|0x0000000715a00000, 0x0000000715b00000, 0x0000000715b00000|100%| E|CS|TAMS 0x0000000715a00000, 0x0000000715a00000| Complete 
| 297|0x0000000715b00000, 0x0000000715c00000, 0x0000000715c00000|100%| E|CS|TAMS 0x0000000715b00000, 0x0000000715b00000| Complete 
| 298|0x0000000715c00000, 0x0000000715d00000, 0x0000000715d00000|100%| E|CS|TAMS 0x0000000715c00000, 0x0000000715c00000| Complete 
| 299|0x0000000715d00000, 0x0000000715e00000, 0x0000000715e00000|100%| E|CS|TAMS 0x0000000715d00000, 0x0000000715d00000| Complete 
| 300|0x0000000715e00000, 0x0000000715f00000, 0x0000000715f00000|100%| E|CS|TAMS 0x0000000715e00000, 0x0000000715e00000| Complete 
| 301|0x0000000715f00000, 0x0000000716000000, 0x0000000716000000|100%| E|CS|TAMS 0x0000000715f00000, 0x0000000715f00000| Complete 
| 302|0x0000000716000000, 0x0000000716100000, 0x0000000716100000|100%| E|CS|TAMS 0x0000000716000000, 0x0000000716000000| Complete 
| 303|0x0000000716100000, 0x0000000716200000, 0x0000000716200000|100%| E|CS|TAMS 0x0000000716100000, 0x0000000716100000| Complete 
| 304|0x0000000716200000, 0x0000000716300000, 0x0000000716300000|100%| E|CS|TAMS 0x0000000716200000, 0x0000000716200000| Complete 
| 305|0x0000000716300000, 0x0000000716400000, 0x0000000716400000|100%| E|CS|TAMS 0x0000000716300000, 0x0000000716300000| Complete 
| 306|0x0000000716400000, 0x0000000716500000, 0x0000000716500000|100%| E|CS|TAMS 0x0000000716400000, 0x0000000716400000| Complete 
| 307|0x0000000716500000, 0x0000000716600000, 0x0000000716600000|100%| E|CS|TAMS 0x0000000716500000, 0x0000000716500000| Complete 
| 308|0x0000000716600000, 0x0000000716700000, 0x0000000716700000|100%| E|CS|TAMS 0x0000000716600000, 0x0000000716600000| Complete 
| 309|0x0000000716700000, 0x0000000716800000, 0x0000000716800000|100%| E|CS|TAMS 0x0000000716700000, 0x0000000716700000| Complete 
| 310|0x0000000716800000, 0x0000000716900000, 0x0000000716900000|100%| E|CS|TAMS 0x0000000716800000, 0x0000000716800000| Complete 
| 311|0x0000000716900000, 0x0000000716a00000, 0x0000000716a00000|100%| E|CS|TAMS 0x0000000716900000, 0x0000000716900000| Complete 
| 312|0x0000000716a00000, 0x0000000716b00000, 0x0000000716b00000|100%| E|CS|TAMS 0x0000000716a00000, 0x0000000716a00000| Complete 
| 313|0x0000000716b00000, 0x0000000716c00000, 0x0000000716c00000|100%| E|CS|TAMS 0x0000000716b00000, 0x0000000716b00000| Complete 
| 314|0x0000000716c00000, 0x0000000716d00000, 0x0000000716d00000|100%| E|CS|TAMS 0x0000000716c00000, 0x0000000716c00000| Complete 
| 315|0x0000000716d00000, 0x0000000716e00000, 0x0000000716e00000|100%| E|CS|TAMS 0x0000000716d00000, 0x0000000716d00000| Complete 

Card table byte_map: [0x0000024bfefa0000,0x0000024bff790000] _byte_map_base: 0x0000024bfb787000

Marking Bits (Prev, Next): (CMBitMap*) 0x0000024bf50e1638, (CMBitMap*) 0x0000024bf50e1670
 Prev Bits: [0x0000024b8f000000, 0x0000024b92f38000)
 Next Bits: [0x0000024b92f40000, 0x0000024b96e78000)

Polling page: 0x0000024bf3810000

Metaspace:

Usage:
  Non-class:     37.70 MB capacity,    37.07 MB ( 98%) used,   558.69 KB (  1%) free+waste,    87.94 KB ( <1%) overhead. 
      Class:      4.52 MB capacity,     4.12 MB ( 91%) used,   372.93 KB (  8%) free+waste,    35.81 KB ( <1%) overhead. 
       Both:     42.22 MB capacity,    41.19 MB ( 98%) used,   931.62 KB (  2%) free+waste,   123.75 KB ( <1%) overhead. 

Virtual space:
  Non-class space:       38.00 MB reserved,      37.75 MB (>99%) committed 
      Class space:        1.00 GB reserved,       4.63 MB ( <1%) committed 
             Both:        1.04 GB reserved,      42.38 MB (  4%) committed 

Chunk freelists:
   Non-Class:  52.00 KB
       Class:  8.00 KB
        Both:  60.00 KB

MaxMetaspaceSize: 17179869184.00 GB
CompressedClassSpaceSize: 1.00 GB
Initial GC threshold: 20.80 MB
Current GC threshold: 58.34 MB
CDS: off

CodeHeap 'non-profiled nmethods': size=119168Kb used=5018Kb max_used=5018Kb free=114149Kb
 bounds [0x0000024b87ba0000, 0x0000024b88090000, 0x0000024b8f000000]
CodeHeap 'profiled nmethods': size=119168Kb used=21714Kb max_used=21714Kb free=97453Kb
 bounds [0x0000024b80740000, 0x0000024b81c80000, 0x0000024b87ba0000]
CodeHeap 'non-nmethods': size=7424Kb used=2938Kb max_used=3007Kb free=4485Kb
 bounds [0x0000024b80000000, 0x0000024b80300000, 0x0000024b80740000]
 total_blobs=9438 nmethods=8918 adapters=429
 compilation: enabled
              stopped_count=0, restarted_count=0
 full_count=0

Compilation events (20 events):
Event: 4.374 Thread 0x0000024b9a8fc800 nmethod 9077 0x0000024b88063190 code [0x0000024b88063340, 0x0000024b88063478]
Event: 4.374 Thread 0x0000024b9a8fc800 9079       4       java.util.zip.Deflater::ensureOpen (47 bytes)
Event: 4.374 Thread 0x0000024b9a8fc800 nmethod 9079 0x0000024b88063690 code [0x0000024b88063820, 0x0000024b880638b8]
Event: 4.374 Thread 0x0000024b9a8fc800 9078   !   4       java.util.zip.Deflater::deflate (413 bytes)
Event: 4.377 Thread 0x0000024b9a8fc800 nmethod 9078 0x0000024b88063990 code [0x0000024b88063b40, 0x0000024b88064128]
Event: 4.377 Thread 0x0000024b9a8fc800 9098       4       java.util.WeakHashMap::put (162 bytes)
Event: 4.385 Thread 0x0000024b9a8fc800 nmethod 9098 0x0000024b88064510 code [0x0000024b880646e0, 0x0000024b880650d8]
Event: 4.385 Thread 0x0000024b9a8fc800 9080       4       java.util.zip.DeflaterOutputStream::write (21 bytes)
Event: 4.387 Thread 0x0000024b9a8fc800 nmethod 9080 0x0000024b88065410 code [0x0000024b880655c0, 0x0000024b88065a28]
Event: 4.387 Thread 0x0000024b9a8fc800 9081  s    4       java.util.zip.ZipOutputStream::write (175 bytes)
Event: 4.390 Thread 0x0000024b9a8fc800 nmethod 9081 0x0000024b88065c90 code [0x0000024b88065e40, 0x0000024b88066368]
Event: 4.390 Thread 0x0000024b9a8fc800 8998  s    4       java.lang.Throwable::fillInStackTrace (29 bytes)
Event: 4.394 Thread 0x0000024b9a8fc800 nmethod 8998 0x0000024b88066710 code [0x0000024b880668c0, 0x0000024b88066ca8]
Event: 4.394 Thread 0x0000024b9a8fc800 6798       4       lombok.javac.JavacAST::buildTree (10 bytes)
Event: 4.517 Thread 0x0000024b9a8fc800 nmethod 6798 0x0000024b88066d90 code [0x0000024b88067280, 0x0000024b8806c300]
Event: 4.519 Thread 0x0000024b9a8fc800 6799       4       lombok.javac.JavacAST::buildTree (176 bytes)
Event: 4.524 Thread 0x0000024b9aa6b800 nmethod 9005 0x0000024b8806e790 code [0x0000024b8806ebc0, 0x0000024b880751e0]
Event: 4.524 Thread 0x0000024b9aa6b800 6816   !   4       lombok.javac.JavacAST::$SWITCH_TABLE$lombok$core$AST$Kind (157 bytes)
Event: 4.524 Thread 0x0000024b9aa6b800 nmethod 6816 0x0000024b88079110 code [0x0000024b880792a0, 0x0000024b88079318]
Event: 4.610 Thread 0x0000024b9aa70800 nmethod 9057 0x0000024b88079410 code [0x0000024b88079ae0, 0x0000024b88081f08]

GC Heap History (14 events):
Event: 0.456 GC heap before
{Heap before GC invocations=0 (full 0):
 garbage-first heap   total 260096K, used 23552K [0x0000000703200000, 0x0000000800000000)
  region size 1024K, 24 young (24576K), 0 survivors (0K)
 Metaspace       used 13545K, capacity 13789K, committed 14080K, reserved 1062912K
  class space    used 1335K, capacity 1427K, committed 1536K, reserved 1048576K
}
Event: 0.460 GC heap after
{Heap after GC invocations=1 (full 0):
 garbage-first heap   total 260096K, used 3656K [0x0000000703200000, 0x0000000800000000)
  region size 1024K, 3 young (3072K), 3 survivors (3072K)
 Metaspace       used 13545K, capacity 13789K, committed 14080K, reserved 1062912K
  class space    used 1335K, capacity 1427K, committed 1536K, reserved 1048576K
}
Event: 1.010 GC heap before
{Heap before GC invocations=1 (full 0):
 garbage-first heap   total 260096K, used 58952K [0x0000000703200000, 0x0000000800000000)
  region size 1024K, 58 young (59392K), 3 survivors (3072K)
 Metaspace       used 20913K, capacity 21234K, committed 21296K, reserved 1069056K
  class space    used 2191K, capacity 2289K, committed 2304K, reserved 1048576K
}
Event: 1.024 GC heap after
{Heap after GC invocations=2 (full 0):
 garbage-first heap   total 260096K, used 7369K [0x0000000703200000, 0x0000000800000000)
  region size 1024K, 7 young (7168K), 7 survivors (7168K)
 Metaspace       used 20913K, capacity 21234K, committed 21296K, reserved 1069056K
  class space    used 2191K, capacity 2289K, committed 2304K, reserved 1048576K
}
Event: 1.535 GC heap before
{Heap before GC invocations=3 (full 0):
 garbage-first heap   total 260096K, used 71881K [0x0000000703200000, 0x0000000800000000)
  region size 1024K, 70 young (71680K), 7 survivors (7168K)
 Metaspace       used 22208K, capacity 22656K, committed 22912K, reserved 1069056K
  class space    used 2243K, capacity 2399K, committed 2432K, reserved 1048576K
}
Event: 1.549 GC heap after
{Heap after GC invocations=4 (full 0):
 garbage-first heap   total 260096K, used 12628K [0x0000000703200000, 0x0000000800000000)
  region size 1024K, 9 young (9216K), 9 survivors (9216K)
 Metaspace       used 22208K, capacity 22656K, committed 22912K, reserved 1069056K
  class space    used 2243K, capacity 2399K, committed 2432K, reserved 1048576K
}
Event: 2.365 GC heap before
{Heap before GC invocations=4 (full 0):
 garbage-first heap   total 260096K, used 96596K [0x0000000703200000, 0x0000000800000000)
  region size 1024K, 90 young (92160K), 9 survivors (9216K)
 Metaspace       used 32226K, capacity 32972K, committed 33024K, reserved 1079296K
  class space    used 3321K, capacity 3545K, committed 3584K, reserved 1048576K
}
Event: 2.375 GC heap after
{Heap after GC invocations=5 (full 0):
 garbage-first heap   total 260096K, used 22621K [0x0000000703200000, 0x0000000800000000)
  region size 1024K, 12 young (12288K), 12 survivors (12288K)
 Metaspace       used 32226K, capacity 32972K, committed 33024K, reserved 1079296K
  class space    used 3321K, capacity 3545K, committed 3584K, reserved 1048576K
}
Event: 2.745 GC heap before
{Heap before GC invocations=5 (full 0):
 garbage-first heap   total 260096K, used 93277K [0x0000000703200000, 0x0000000800000000)
  region size 1024K, 81 young (82944K), 12 survivors (12288K)
 Metaspace       used 34775K, capacity 35541K, committed 35584K, reserved 1081344K
  class space    used 3553K, capacity 3798K, committed 3840K, reserved 1048576K
}
Event: 2.768 GC heap after
{Heap after GC invocations=6 (full 0):
 garbage-first heap   total 323584K, used 36299K [0x0000000703200000, 0x0000000800000000)
  region size 1024K, 11 young (11264K), 11 survivors (11264K)
 Metaspace       used 34775K, capacity 35541K, committed 35584K, reserved 1081344K
  class space    used 3553K, capacity 3798K, committed 3840K, reserved 1048576K
}
Event: 3.049 GC heap before
{Heap before GC invocations=7 (full 0):
 garbage-first heap   total 323584K, used 140747K [0x0000000703200000, 0x0000000800000000)
  region size 1024K, 113 young (115712K), 11 survivors (11264K)
 Metaspace       used 36133K, capacity 37074K, committed 37376K, reserved 1083392K
  class space    used 3692K, capacity 3994K, committed 4096K, reserved 1048576K
}
Event: 3.056 GC heap after
{Heap after GC invocations=8 (full 0):
 garbage-first heap   total 323584K, used 39233K [0x0000000703200000, 0x0000000800000000)
  region size 1024K, 3 young (3072K), 3 survivors (3072K)
 Metaspace       used 36133K, capacity 37074K, committed 37376K, reserved 1083392K
  class space    used 3692K, capacity 3994K, committed 4096K, reserved 1048576K
}
Event: 3.765 GC heap before
{Heap before GC invocations=8 (full 0):
 garbage-first heap   total 323584K, used 179521K [0x0000000703200000, 0x0000000800000000)
  region size 1024K, 138 young (141312K), 3 survivors (3072K)
 Metaspace       used 38898K, capacity 39878K, committed 40064K, reserved 1085440K
  class space    used 3891K, capacity 4216K, committed 4224K, reserved 1048576K
}
Event: 3.772 GC heap after
{Heap after GC invocations=9 (full 0):
 garbage-first heap   total 323584K, used 51118K [0x0000000703200000, 0x0000000800000000)
  region size 1024K, 15 young (15360K), 15 survivors (15360K)
 Metaspace       used 38898K, capacity 39878K, committed 40064K, reserved 1085440K
  class space    used 3891K, capacity 4216K, committed 4224K, reserved 1048576K
}

Deoptimization events (20 events):
Event: 4.214 Thread 0x0000024bf5079800 Uncommon trap: trap_request=0xffffffde fr.pc=0x0000024b87c69e40 relative=0x0000000000000080
Event: 4.214 Thread 0x0000024bf5079800 Uncommon trap: reason=class_check action=maybe_recompile pc=0x0000024b87c69e40 method=com.google.inject.internal.MoreTypes.getRawType(Ljava/lang/reflect/Type;)Ljava/lang/Class; @ 13 c2
Event: 4.214 Thread 0x0000024bf5079800 DEOPT PACKING pc=0x0000024b87c69e40 sp=0x000000e285ffd7f0
Event: 4.214 Thread 0x0000024bf5079800 DEOPT UNPACKING pc=0x0000024b800085af sp=0x000000e285ffd780 mode 2
Event: 4.227 Thread 0x0000024bf5079800 Uncommon trap: trap_request=0xffffff4d fr.pc=0x0000024b87df546c relative=0x0000000000000acc
Event: 4.227 Thread 0x0000024bf5079800 Uncommon trap: reason=unstable_if action=reinterpret pc=0x0000024b87df546c method=org.codehaus.plexus.classworlds.realm.Entry.matches(Ljava/lang/String;)Z @ 20 c2
Event: 4.227 Thread 0x0000024bf5079800 DEOPT PACKING pc=0x0000024b87df546c sp=0x000000e285ffd590
Event: 4.227 Thread 0x0000024bf5079800 DEOPT UNPACKING pc=0x0000024b800085af sp=0x000000e285ffd558 mode 2
Event: 4.269 Thread 0x0000024ba042b800 Uncommon trap: trap_request=0xffffff4d fr.pc=0x0000024b87e3b610 relative=0x0000000000000070
Event: 4.269 Thread 0x0000024ba042b800 Uncommon trap: reason=unstable_if action=reinterpret pc=0x0000024b87e3b610 method=java.util.concurrent.locks.AbstractQueuedSynchronizer.doReleaseShared()V @ 6 c2
Event: 4.269 Thread 0x0000024ba042b800 DEOPT PACKING pc=0x0000024b87e3b610 sp=0x000000e2880ff350
Event: 4.269 Thread 0x0000024ba042b800 DEOPT UNPACKING pc=0x0000024b800085af sp=0x000000e2880ff2e0 mode 2
Event: 4.343 Thread 0x0000024bf5079800 Uncommon trap: trap_request=0xffffff4d fr.pc=0x0000024b87cac0f4 relative=0x0000000000000634
Event: 4.343 Thread 0x0000024bf5079800 Uncommon trap: reason=unstable_if action=reinterpret pc=0x0000024b87cac0f4 method=java.io.BufferedWriter.min(II)I @ 2 c2
Event: 4.343 Thread 0x0000024bf5079800 DEOPT PACKING pc=0x0000024b87cac0f4 sp=0x000000e285ffd420
Event: 4.343 Thread 0x0000024bf5079800 DEOPT UNPACKING pc=0x0000024b800085af sp=0x000000e285ffd350 mode 2
Event: 4.344 Thread 0x0000024bf5079800 Uncommon trap: trap_request=0xffffff4d fr.pc=0x0000024b87cbeac0 relative=0x0000000000000440
Event: 4.344 Thread 0x0000024bf5079800 Uncommon trap: reason=unstable_if action=reinterpret pc=0x0000024b87cbeac0 method=java.nio.charset.CharsetEncoder.encode(Ljava/nio/CharBuffer;Ljava/nio/ByteBuffer;Z)Ljava/nio/charset/CoderResult; @ 94 c2
Event: 4.344 Thread 0x0000024bf5079800 DEOPT PACKING pc=0x0000024b87cbeac0 sp=0x000000e285ffd3b0
Event: 4.344 Thread 0x0000024bf5079800 DEOPT UNPACKING pc=0x0000024b800085af sp=0x000000e285ffd178 mode 2

Classes redefined (0 events):
No events

Internal exceptions (20 events):
Event: 3.821 Thread 0x0000024bf5079800 Exception <a 'sun/nio/fs/WindowsException'{0x0000000715ebca58}> (0x0000000715ebca58) thrown at [./src/hotspot/share/prims/jni.cpp, line 617]
Event: 3.821 Thread 0x0000024bf5079800 Exception <a 'sun/nio/fs/WindowsException'{0x0000000715ebdee0}> (0x0000000715ebdee0) thrown at [./src/hotspot/share/prims/jni.cpp, line 617]
Event: 3.821 Thread 0x0000024bf5079800 Exception <a 'sun/nio/fs/WindowsException'{0x0000000715ebe210}> (0x0000000715ebe210) thrown at [./src/hotspot/share/prims/jni.cpp, line 617]
Event: 3.989 Thread 0x0000024bf5079800 Exception <a 'sun/nio/fs/WindowsException'{0x0000000713a79750}> (0x0000000713a79750) thrown at [./src/hotspot/share/prims/jni.cpp, line 617]
Event: 3.990 Thread 0x0000024bf5079800 Exception <a 'sun/nio/fs/WindowsException'{0x0000000713a962f8}> (0x0000000713a962f8) thrown at [./src/hotspot/share/prims/jni.cpp, line 617]
Event: 3.991 Thread 0x0000024bf5079800 Exception <a 'sun/nio/fs/WindowsException'{0x0000000713abb490}> (0x0000000713abb490) thrown at [./src/hotspot/share/prims/jni.cpp, line 617]
Event: 3.991 Thread 0x0000024bf5079800 Exception <a 'sun/nio/fs/WindowsException'{0x0000000713abbbc0}> (0x0000000713abbbc0) thrown at [./src/hotspot/share/prims/jni.cpp, line 617]
Event: 3.991 Thread 0x0000024bf5079800 Exception <a 'sun/nio/fs/WindowsException'{0x0000000713abc180}> (0x0000000713abc180) thrown at [./src/hotspot/share/prims/jni.cpp, line 617]
Event: 3.991 Thread 0x0000024bf5079800 Exception <a 'sun/nio/fs/WindowsException'{0x0000000713abc890}> (0x0000000713abc890) thrown at [./src/hotspot/share/prims/jni.cpp, line 617]
Event: 3.991 Thread 0x0000024bf5079800 Exception <a 'sun/nio/fs/WindowsException'{0x0000000713abcb50}> (0x0000000713abcb50) thrown at [./src/hotspot/share/prims/jni.cpp, line 617]
Event: 3.991 Thread 0x0000024bf5079800 Exception <a 'sun/nio/fs/WindowsException'{0x0000000713abd7b8}> (0x0000000713abd7b8) thrown at [./src/hotspot/share/prims/jni.cpp, line 617]
Event: 3.991 Thread 0x0000024bf5079800 Exception <a 'sun/nio/fs/WindowsException'{0x0000000713abda40}> (0x0000000713abda40) thrown at [./src/hotspot/share/prims/jni.cpp, line 617]
Event: 3.991 Thread 0x0000024bf5079800 Exception <a 'sun/nio/fs/WindowsException'{0x0000000713abe6a8}> (0x0000000713abe6a8) thrown at [./src/hotspot/share/prims/jni.cpp, line 617]
Event: 4.217 Thread 0x0000024bf5079800 Exception <a 'java/lang/NoSuchMethodError'{0x0000000711d21278}: 'java.lang.String org.apache.maven.execution.MavenExecutionRequest.getFailureBehavior()'> (0x0000000711d21278) thrown at [./src/hotspot/share/interpreter/linkResolver.cpp, line 868]
Event: 4.219 Thread 0x0000024b9f306000 Exception <a 'java/lang/NoSuchMethodError'{0x0000000711f487d8}: 'java.lang.Object java.lang.invoke.DirectMethodHandle$Holder.invokeStaticInit(java.lang.Object, java.lang.Object, long, java.lang.Object)'> (0x0000000711f487d8) thrown at [./src/hotspot/share/interpreter/linkResolver.cpp, line 773]
Event: 4.219 Thread 0x0000024b9f306000 Exception <a 'java/lang/NoSuchMethodError'{0x0000000711f548a8}: 'java.lang.Object java.lang.invoke.Invokers$Holder.linkToTargetMethod(java.lang.Object, long, java.lang.Object)'> (0x0000000711f548a8) thrown at [./src/hotspot/share/interpreter/linkResolver.cpp, line 773]
Event: 4.373 Thread 0x0000024bf5079800 Exception <a 'java/lang/NoSuchMethodError'{0x000000071041c2f0}: 'void java.lang.invoke.DirectMethodHandle$Holder.invokeStatic(java.lang.Object, long)'> (0x000000071041c2f0) thrown at [./src/hotspot/share/interpreter/linkResolver.cpp, line 773]
Event: 4.373 Thread 0x0000024bf5079800 Exception <a 'java/lang/NoSuchMethodError'{0x0000000710421508}: 'java.lang.Object java.lang.invoke.DirectMethodHandle$Holder.invokeStatic(java.lang.Object, long)'> (0x0000000710421508) thrown at [./src/hotspot/share/interpreter/linkResolver.cpp, line 773]
Event: 4.374 Thread 0x0000024bf5079800 Exception <a 'java/lang/NoSuchMethodError'{0x0000000710424830}: 'java.lang.Object java.lang.invoke.DirectMethodHandle$Holder.invokeSpecial(java.lang.Object, java.lang.Object, long)'> (0x0000000710424830) thrown at [./src/hotspot/share/interpreter/linkResolver.cpp, line 773]
Event: 4.374 Thread 0x0000024bf5079800 Exception <a 'java/lang/NoSuchMethodError'{0x0000000710427598}: 'java.lang.Object java.lang.invoke.Invokers$Holder.linkToTargetMethod(long, java.lang.Object)'> (0x0000000710427598) thrown at [./src/hotspot/share/interpreter/linkResolver.cpp, line 773]

Events (20 events):
Event: 4.375 loading class org/apache/maven/surefire/shade/org/apache/maven/shared/utils/cli/StreamFeeder done
Event: 4.375 loading class org/apache/maven/surefire/shade/org/apache/maven/shared/utils/cli/AbstractStreamHandler
Event: 4.375 loading class org/apache/maven/surefire/shade/org/apache/maven/shared/utils/cli/AbstractStreamHandler done
Event: 4.375 loading class org/apache/maven/surefire/shade/org/apache/maven/shared/utils/cli/AbstractStreamHandler
Event: 4.375 loading class org/apache/maven/surefire/shade/org/apache/maven/shared/utils/cli/AbstractStreamHandler done
Event: 4.375 loading class org/apache/maven/surefire/shade/org/apache/maven/shared/utils/cli/StreamPumper
Event: 4.375 loading class org/apache/maven/surefire/shade/org/apache/maven/shared/utils/cli/StreamPumper done
Event: 4.375 loading class org/apache/maven/surefire/shade/org/apache/maven/shared/utils/cli/StreamPumper
Event: 4.375 loading class org/apache/maven/surefire/shade/org/apache/maven/shared/utils/cli/StreamPumper done
Event: 4.375 Thread 0x0000024ba0287800 Thread added: 0x0000024ba0287800
Event: 4.375 Thread 0x0000024ba0288800 Thread added: 0x0000024ba0288800
Event: 4.375 Thread 0x0000024ba0289800 Thread added: 0x0000024ba0289800
Event: 4.376 loading class org/apache/maven/surefire/shade/org/apache/maven/shared/utils/cli/CommandLineUtils$1
Event: 4.376 loading class org/apache/maven/surefire/shade/org/apache/maven/shared/utils/cli/CommandLineUtils$1 done
Event: 4.376 loading class org/apache/maven/surefire/shade/org/apache/maven/shared/utils/cli/CommandLineUtils$1
Event: 4.376 loading class org/apache/maven/surefire/shade/org/apache/maven/shared/utils/cli/CommandLineUtils$1 done
Event: 4.376 loading class org/apache/maven/surefire/shade/org/apache/maven/shared/utils/cli/CommandLineTimeOutException
Event: 4.376 loading class org/apache/maven/surefire/shade/org/apache/maven/shared/utils/cli/CommandLineTimeOutException done
Event: 4.376 loading class org/apache/maven/surefire/shade/org/apache/maven/shared/utils/cli/CommandLineTimeOutException
Event: 4.376 loading class org/apache/maven/surefire/shade/org/apache/maven/shared/utils/cli/CommandLineTimeOutException done


Dynamic libraries:
0x00007ff7ce570000 - 0x00007ff7ce57d000 	C:\Program Files\Amazon Corretto\jdk11.0.17_8\bin\java.exe
0x00007ffb78790000 - 0x00007ffb78985000 	C:\Windows\SYSTEM32\ntdll.dll
0x00007ffb78200000 - 0x00007ffb782bd000 	C:\Windows\System32\KERNEL32.DLL
0x00007ffb760d0000 - 0x00007ffb76398000 	C:\Windows\System32\KERNELBASE.dll
0x00007ffb75ed0000 - 0x00007ffb75fd0000 	C:\Windows\System32\ucrtbase.dll
0x00007ffb669c0000 - 0x00007ffb669d7000 	C:\Program Files\Amazon Corretto\jdk11.0.17_8\bin\jli.dll
0x00007ffb669e0000 - 0x00007ffb669f9000 	C:\Program Files\Amazon Corretto\jdk11.0.17_8\bin\VCRUNTIME140.dll
0x00007ffb76860000 - 0x00007ffb76a00000 	C:\Windows\System32\USER32.dll
0x00007ffb765b0000 - 0x00007ffb765d2000 	C:\Windows\System32\win32u.dll
0x00007ffb77740000 - 0x00007ffb7776a000 	C:\Windows\System32\GDI32.dll
0x00007ffb74ae0000 - 0x00007ffb74d7a000 	C:\Windows\WinSxS\amd64_microsoft.windows.common-controls_6595b64144ccf1df_6.0.19041.844_none_ca00b6081b84eb1d\COMCTL32.dll
0x00007ffb763a0000 - 0x00007ffb764ab000 	C:\Windows\System32\gdi32full.dll
0x00007ffb76b00000 - 0x00007ffb76b9e000 	C:\Windows\System32\msvcrt.dll
0x00007ffb75fd0000 - 0x00007ffb7606d000 	C:\Windows\System32\msvcp_win.dll
0x00007ffb77de0000 - 0x00007ffb77e10000 	C:\Windows\System32\IMM32.DLL
0x00007ffb66390000 - 0x00007ffb6642b000 	C:\Program Files\Amazon Corretto\jdk11.0.17_8\bin\msvcp140.dll
0x00007ffb64650000 - 0x00007ffb651d5000 	C:\Program Files\Amazon Corretto\jdk11.0.17_8\bin\server\jvm.dll
0x00007ffb76ba0000 - 0x00007ffb76c4c000 	C:\Windows\System32\ADVAPI32.dll
0x00007ffb76a00000 - 0x00007ffb76a9b000 	C:\Windows\System32\sechost.dll
0x00007ffb76d00000 - 0x00007ffb76e2b000 	C:\Windows\System32\RPCRT4.dll
0x00007ffb76850000 - 0x00007ffb76858000 	C:\Windows\System32\PSAPI.DLL
0x00007ffb66970000 - 0x00007ffb66979000 	C:\Windows\SYSTEM32\WSOCK32.dll
0x00007ffb74880000 - 0x00007ffb748a7000 	C:\Windows\SYSTEM32\WINMM.dll
0x00007ffb77fe0000 - 0x00007ffb7804b000 	C:\Windows\System32\WS2_32.dll
0x00007ffb6e0c0000 - 0x00007ffb6e0ca000 	C:\Windows\SYSTEM32\VERSION.dll
0x00007ffb73730000 - 0x00007ffb73742000 	C:\Windows\SYSTEM32\kernel.appcore.dll
0x00007ffb66490000 - 0x00007ffb664a0000 	C:\Program Files\Amazon Corretto\jdk11.0.17_8\bin\verify.dll
0x00007ffb63290000 - 0x00007ffb63474000 	C:\Windows\SYSTEM32\DBGHELP.DLL
0x00007ffb62ef0000 - 0x00007ffb62f1c000 	C:\Windows\SYSTEM32\dbgcore.DLL
0x00007ffb764b0000 - 0x00007ffb76530000 	C:\Windows\System32\bcryptPrimitives.dll
0x00007ffb62e50000 - 0x00007ffb62e78000 	C:\Program Files\Amazon Corretto\jdk11.0.17_8\bin\java.dll
0x00007ffb62d10000 - 0x00007ffb62d1a000 	C:\Program Files\Amazon Corretto\jdk11.0.17_8\bin\jimage.dll
0x00007ffb588f0000 - 0x00007ffb588fe000 	C:\Program Files\Amazon Corretto\jdk11.0.17_8\bin\instrument.dll
0x00007ffb66260000 - 0x00007ffb66278000 	C:\Program Files\Amazon Corretto\jdk11.0.17_8\bin\zip.dll
0x00007ffb76f10000 - 0x00007ffb77652000 	C:\Windows\System32\SHELL32.dll
0x00007ffb73fc0000 - 0x00007ffb74751000 	C:\Windows\SYSTEM32\windows.storage.dll
0x00007ffb78340000 - 0x00007ffb78695000 	C:\Windows\System32\combase.dll
0x00007ffb75840000 - 0x00007ffb7586c000 	C:\Windows\SYSTEM32\Wldp.dll
0x00007ffb76c50000 - 0x00007ffb76cfe000 	C:\Windows\System32\SHCORE.dll
0x00007ffb767f0000 - 0x00007ffb76845000 	C:\Windows\System32\shlwapi.dll
0x00007ffb75e10000 - 0x00007ffb75e2f000 	C:\Windows\SYSTEM32\profapi.dll
0x00007ffb61ac0000 - 0x00007ffb61ad9000 	C:\Program Files\Amazon Corretto\jdk11.0.17_8\bin\net.dll
0x00007ffb6b2a0000 - 0x00007ffb6b3ab000 	C:\Windows\SYSTEM32\WINHTTP.dll
0x00007ffb75580000 - 0x00007ffb755ea000 	C:\Windows\system32\mswsock.dll
0x00007ffb61a80000 - 0x00007ffb61a93000 	C:\Program Files\Amazon Corretto\jdk11.0.17_8\bin\nio.dll
0x00007ffb588d0000 - 0x00007ffb588ea000 	C:\Program Files\JetBrains\IntelliJ IDEA 2022.1.2\bin\breakgen64.dll
0x00007ffb75780000 - 0x00007ffb75798000 	C:\Windows\SYSTEM32\CRYPTSP.dll
0x00007ffb75760000 - 0x00007ffb75779000 	C:\Program Files\Common Files\Crypto Pro\AppCompat\cpadvai.dll
0x00007ffb74f20000 - 0x00007ffb74f54000 	C:\Windows\system32\rsaenh.dll
0x00007ffb76580000 - 0x00007ffb765a7000 	C:\Windows\System32\bcrypt.dll
0x00007ffb75dd0000 - 0x00007ffb75dfe000 	C:\Windows\SYSTEM32\USERENV.dll
0x00007ffb757a0000 - 0x00007ffb757ac000 	C:\Windows\SYSTEM32\CRYPTBASE.dll
0x00007ffb75270000 - 0x00007ffb752ab000 	C:\Windows\SYSTEM32\IPHLPAPI.DLL
0x00007ffb77660000 - 0x00007ffb77668000 	C:\Windows\System32\NSI.dll
0x00007ffb6f0e0000 - 0x00007ffb6f0f7000 	C:\Windows\SYSTEM32\dhcpcsvc6.DLL
0x00007ffb6f0c0000 - 0x00007ffb6f0dd000 	C:\Windows\SYSTEM32\dhcpcsvc.DLL
0x00007ffb752b0000 - 0x00007ffb7537c000 	C:\Windows\SYSTEM32\DNSAPI.dll
0x00007ffb588c0000 - 0x00007ffb588ca000 	C:\Users\SksUser\AppData\Local\Temp\jansi-1.17.1-10073895745187871295.dll
0x00007ffb55fb0000 - 0x00007ffb55fba000 	C:\Users\SksUser\AppData\Local\Temp\jansi-1.17.1-11582730157045655931.dll

dbghelp: loaded successfully - version: 4.0.5 - missing functions: none
symbol engine: initialized successfully - sym options: 0x614 - pdb path: .;C:\Program Files\Amazon Corretto\jdk11.0.17_8\bin;C:\Windows\SYSTEM32;C:\Windows\WinSxS\amd64_microsoft.windows.common-controls_6595b64144ccf1df_6.0.19041.844_none_ca00b6081b84eb1d;C:\Program Files\Amazon Corretto\jdk11.0.17_8\bin\server;C:\Program Files\JetBrains\IntelliJ IDEA 2022.1.2\bin;C:\Program Files\Common Files\Crypto Pro\AppCompat;C:\Users\SksUser\AppData\Local\Temp

VM Arguments:
jvm_args: -Dmaven.multiModuleProjectDirectory=C:\Users\SksUser\dev\java-shareit -Dmaven.home=C:\Program Files\JetBrains\IntelliJ IDEA 2022.1.2\plugins\maven\lib\maven3 -Dclassworlds.conf=C:\Program Files\JetBrains\IntelliJ IDEA 2022.1.2\plugins\maven\lib\maven3\bin\m2.conf -Dmaven.ext.class.path=C:\Program Files\JetBrains\IntelliJ IDEA 2022.1.2\plugins\maven\lib\maven-event-listener.jar -javaagent:C:\Program Files\JetBrains\IntelliJ IDEA 2022.1.2\lib\idea_rt.jar=59843:C:\Program Files\JetBrains\IntelliJ IDEA 2022.1.2\bin -Dfile.encoding=UTF-8 
java_command: org.codehaus.classworlds.Launcher -Didea.version=2022.1.2 clean install
java_class_path (initial): C:\Program Files\JetBrains\IntelliJ IDEA 2022.1.2\plugins\maven\lib\maven3\boot\plexus-classworlds-2.6.0.jar;C:\Program Files\JetBrains\IntelliJ IDEA 2022.1.2\plugins\maven\lib\maven3\boot\plexus-classworlds.license
Launcher Type: SUN_STANDARD

[Global flags]
     intx CICompilerCount                          = 12                                        {product} {ergonomic}
     uint ConcGCThreads                            = 3                                         {product} {ergonomic}
     uint G1ConcRefinementThreads                  = 13                                        {product} {ergonomic}
   size_t G1HeapRegionSize                         = 1048576                                   {product} {ergonomic}
    uintx GCDrainStackTargetSize                   = 64                                        {product} {ergonomic}
   size_t InitialHeapSize                          = 266338304                                 {product} {ergonomic}
   size_t MarkStackSize                            = 4194304                                   {product} {ergonomic}
   size_t MaxHeapSize                              = 4242538496                                {product} {ergonomic}
   size_t MaxNewSize                               = 2544893952                                {product} {ergonomic}
   size_t MinHeapDeltaBytes                        = 1048576                                   {product} {ergonomic}
    uintx NonNMethodCodeHeapSize                   = 7594288                                {pd product} {ergonomic}
    uintx NonProfiledCodeHeapSize                  = 122031976                              {pd product} {ergonomic}
    uintx ProfiledCodeHeapSize                     = 122031976                              {pd product} {ergonomic}
    uintx ReservedCodeCacheSize                    = 251658240                              {pd product} {ergonomic}
     bool SegmentedCodeCache                       = true                                      {product} {ergonomic}
     bool UseCompressedClassPointers               = true                                 {lp64_product} {ergonomic}
     bool UseCompressedOops                        = true                                 {lp64_product} {ergonomic}
     bool UseG1GC                                  = true                                      {product} {ergonomic}
     bool UseLargePagesIndividualAllocation        = false                                  {pd product} {ergonomic}

Logging:
Log output configuration:
 #0: stdout all=warning uptime,level,tags
 #1: stderr all=off uptime,level,tags

Environment Variables:
JAVA_HOME=C:\Program Files\Amazon Corretto\jdk11.0.17_8
PATH=C:\Program Files\Amazon Corretto\jdk11.0.17_8\bin;C:\Program Files (x86)\Common Files\Oracle\Java\javapath;C:\Windows\system32;C:\Windows;C:\Windows\System32\Wbem;C:\Windows\System32\WindowsPowerShell\v1.0\;C:\Windows\System32\OpenSSH\;C:\Program Files\WireGuard\;C:\Program Files\PuTTY\;C:\Program Files\Git\cmd;C:\Program Files\dotnet\;C:\Users\SksUser\AppData\Local\Microsoft\WindowsApps;;C:\Users\SksUser\AppData\Local\Programs\Microsoft VS Code\bin;C:\Program Files\JetBrains\IntelliJ IDEA Community Edition 2022.2.3\bin;
USERNAME=SksUser
OS=Windows_NT
PROCESSOR_IDENTIFIER=Intel64 Family 6 Model 167 Stepping 1, GenuineIntel
TMP=C:\Users\SksUser\AppData\Local\Temp
TEMP=C:\Users\SksUser\AppData\Local\Temp



---------------  S Y S T E M  ---------------

OS: Windows 10 , 64 bit Build 19041 (10.0.19041.928)
OS uptime: 33 days 1:39 hours

CPU:total 16 (initial active 16) (8 cores per cpu, 2 threads per core) family 6 model 167 stepping 1 microcode 0x34, cmov, cx8, fxsr, mmx, sse, sse2, sse3, ssse3, sse4.1, sse4.2, popcnt, avx, avx2, aes, clmul, erms, 3dnowpref, lzcnt, ht, tsc, tscinvbit, bmi1, bmi2, adx, evex, sha, fma

Memory: 4k page, system-wide physical 16177M (384M free)
TotalPageFile size 24369M (AvailPageFile size 3M)
current process WorkingSet (physical memory assigned to process): 398M, peak: 411M
current process commit charge ("private bytes"): 561M, peak: 574M

vm_info: OpenJDK 64-Bit Server VM (11.0.17+8-LTS) for windows-amd64 JRE (11.0.17+8-LTS), built on Oct 14 2022 18:02:01 by "Administrator" with MS VC++ 15.9 (VS2017)

END.
